#
# There is insufficient memory for the Java Runtime Environment to continue.
# Native memory allocation (mmap) failed to map 24117248 bytes for committing reserved memory.
# Possible reasons:
#   The system is out of physical RAM or swap space
#   In 32 bit mode, the process size limit was hit
# Possible solutions:
#   Reduce memory load on the system
#   Increase physical memory or swap space
#   Check if swap backing store is full
#   Use 64 bit Java on a 64 bit OS
#   Decrease Java heap size (-Xmx/-Xms)
#   Decrease number of Java threads
#   Decrease Java thread stack sizes (-Xss)
#   Set larger code cache with -XX:ReservedCodeCacheSize=
# This output file may be truncated or incomplete.
#
#  Out of Memory Error (os_linux.cpp:2627), pid=8086, tid=0x00007f0a28171700
#
# JRE version: OpenJDK Runtime Environment (8.0_112-b06) (build 1.8.0_112-release-b06)
# Java VM: OpenJDK 64-Bit Server VM (25.112-b06 mixed mode linux-amd64 compressed oops)
# Failed to write core dump. Core dumps have been disabled. To enable core dumping, try "ulimit -c unlimited" before starting Java again
#

---------------  T H R E A D  ---------------

Current thread (0x00007f0a3c077800):  VMThread [stack: 0x00007f0a28071000,0x00007f0a28172000] [id=8095]

Stack: [0x00007f0a28071000,0x00007f0a28172000],  sp=0x00007f0a281704c0,  free space=1021k
Native frames: (J=compiled Java code, j=interpreted, Vv=VM code, C=native code)
V  [libjvm.so+0x9e465d]  VMError::report_and_die()+0x15d
V  [libjvm.so+0x4b6ada]  report_vm_out_of_memory(char const*, int, unsigned long, VMErrorType, char const*)+0x8a
V  [libjvm.so+0x84c860]  os::pd_commit_memory(char*, unsigned long, unsigned long, bool)+0xf0
V  [libjvm.so+0x84737f]  os::commit_memory(char*, unsigned long, unsigned long, bool)+0x1f
V  [libjvm.so+0x8bd3db]  PSVirtualSpace::expand_by(unsigned long)+0x5b
V  [libjvm.so+0x8be050]  PSYoungGen::resize_generation(unsigned long, unsigned long)+0xb0
V  [libjvm.so+0x8be36b]  PSYoungGen::resize(unsigned long, unsigned long)+0x1b
V  [libjvm.so+0x8baa5c]  PSScavenge::invoke_no_policy()+0xdac
V  [libjvm.so+0x8bb238]  PSScavenge::invoke()+0x38
V  [libjvm.so+0x86fcf3]  ParallelScavengeHeap::failed_mem_allocate(unsigned long)+0x63
V  [libjvm.so+0x9e6124]  VM_ParallelGCFailedAllocation::doit()+0x84
V  [libjvm.so+0x9ea537]  VM_Operation::evaluate()+0x47
V  [libjvm.so+0x9e8ff8]  VMThread::evaluate_operation(VM_Operation*)+0x2c8
V  [libjvm.so+0x9e9479]  VMThread::loop()+0x219
V  [libjvm.so+0x9e98c2]  VMThread::run()+0x72
V  [libjvm.so+0x849c82]  java_start(Thread*)+0xf2

VM_Operation (0x00007f0a13218380): ParallelGCFailedAllocation, mode: safepoint, requested by thread 0x00007f0a3c159800


---------------  P R O C E S S  ---------------

Java Threads: ( => current thread )
  0x00007f0a3c15b800 JavaThread "pool-2-thread-4" [_thread_blocked, id=8129, stack(0x00007f0a13018000,0x00007f0a13119000)]
  0x00007f0a3c159800 JavaThread "pool-2-thread-3" [_thread_blocked, id=8128, stack(0x00007f0a13119000,0x00007f0a1321a000)]
  0x00007f0a3c158800 JavaThread "pool-2-thread-2" [_thread_blocked, id=8127, stack(0x00007f0a1321a000,0x00007f0a1331b000)]
  0x00007f0a3c156000 JavaThread "pool-3-thread-1" [_thread_blocked, id=8126, stack(0x00007f0a1331b000,0x00007f0a1341c000)]
  0x00007f0a3c154800 JavaThread "pool-2-thread-1" [_thread_blocked, id=8125, stack(0x00007f0a1341c000,0x00007f0a1351d000)]
  0x00007f0a3c0c0000 JavaThread "Service Thread" daemon [_thread_blocked, id=8103, stack(0x00007f0a1361e000,0x00007f0a1371f000)]
  0x00007f0a3c0bd000 JavaThread "C1 CompilerThread2" daemon [_thread_blocked, id=8102, stack(0x00007f0a1371f000,0x00007f0a13820000)]
  0x00007f0a3c0bb000 JavaThread "C2 CompilerThread1" daemon [_thread_blocked, id=8101, stack(0x00007f0a13820000,0x00007f0a13921000)]
  0x00007f0a3c0b8800 JavaThread "C2 CompilerThread0" daemon [_thread_blocked, id=8100, stack(0x00007f0a13921000,0x00007f0a13a22000)]
  0x00007f0a3c0b7000 JavaThread "Signal Dispatcher" daemon [_thread_blocked, id=8099, stack(0x00007f0a13a22000,0x00007f0a13b23000)]
  0x00007f0a3c083800 JavaThread "Finalizer" daemon [_thread_blocked, id=8097, stack(0x00007f0a13dfe000,0x00007f0a13eff000)]
  0x00007f0a3c07f000 JavaThread "Reference Handler" daemon [_thread_blocked, id=8096, stack(0x00007f0a13eff000,0x00007f0a14000000)]
  0x00007f0a3c00a000 JavaThread "main" [_thread_blocked, id=8090, stack(0x00007f0a42637000,0x00007f0a42738000)]

Other Threads:
=>0x00007f0a3c077800 VMThread [stack: 0x00007f0a28071000,0x00007f0a28172000] [id=8095]
  0x00007f0a3c0c2800 WatcherThread [stack: 0x00007f0a1351d000,0x00007f0a1361e000] [id=8104]

VM state:at safepoint (normal execution)

VM Mutex/Monitor currently owned by a thread:  ([mutex/lock_event])
[0x00007f0a3c0065d0] Threads_lock - owner thread: 0x00007f0a3c077800
[0x00007f0a3c006ad0] Heap_lock - owner thread: 0x00007f0a3c159800

Heap:
 PSYoungGen      total 17408K, used 1001K [0x00000000eab00000, 0x00000000ebd00000, 0x0000000100000000)
  eden space 16384K, 0% used [0x00000000eab00000,0x00000000eab00000,0x00000000ebb00000)
  from space 1024K, 97% used [0x00000000ebb00000,0x00000000ebbfa6b8,0x00000000ebc00000)
  to   space 1024K, 0% used [0x00000000ebc00000,0x00000000ebc00000,0x00000000ebd00000)
 ParOldGen       total 20480K, used 10999K [0x00000000c0000000, 0x00000000c1400000, 0x00000000eab00000)
  object space 20480K, 53% used [0x00000000c0000000,0x00000000c0abdf48,0x00000000c1400000)
 Metaspace       used 5741K, capacity 6768K, committed 7040K, reserved 1056768K
  class space    used 568K, capacity 616K, committed 640K, reserved 1048576K

Card table byte_map: [0x00007f0a2c1ec000,0x00007f0a2c3ed000] byte_map_base: 0x00007f0a2bbec000

Marking Bits: (ParMarkBitMap*) 0x00007f0a41b07340
 Begin Bits: [0x00007f0a29c92000, 0x00007f0a2ac92000)
 End Bits:   [0x00007f0a2ac92000, 0x00007f0a2bc92000)

Polling page: 0x00007f0a42757000

CodeCache: size=245760Kb used=3355Kb max_used=3355Kb free=242404Kb
 bounds [0x00007f0a2c7ad000, 0x00007f0a2cafd000, 0x00007f0a3b7ad000]
 total_blobs=1184 nmethods=916 adapters=181
 compilation: enabled

Compilation events (10 events):
Event: 6.013 Thread 0x00007f0a3c0b8800 nmethod 1028 0x00007f0a2caf2e90 code [0x00007f0a2caf2fe0, 0x00007f0a2caf31b8]
Event: 6.013 Thread 0x00007f0a3c0b8800 1045       4       com.android.dx.util.LabeledList::addLabelIndex (43 bytes)
Event: 6.021 Thread 0x00007f0a3c0bd000 nmethod 1021 0x00007f0a2caf1c10 code [0x00007f0a2caf1e60, 0x00007f0a2caf27f8]
Event: 6.021 Thread 0x00007f0a3c0bd000 1016       2       com.android.dx.ssa.PhiInsn::accept (8 bytes)
Event: 6.022 Thread 0x00007f0a3c0bd000 nmethod 1016 0x00007f0a2caf4450 code [0x00007f0a2caf45c0, 0x00007f0a2caf4748]
Event: 6.022 Thread 0x00007f0a3c0bd000  971       2       com.android.dx.cf.code.ExecutionStack::copy (59 bytes)
Event: 6.047 Thread 0x00007f0a3c0bd000 nmethod 971 0x00007f0a2caf3c10 code [0x00007f0a2caf3da0, 0x00007f0a2caf4298]
Event: 6.047 Thread 0x00007f0a3c0bd000 1047 %     3       com.android.dx.rop.code.RegisterSpecSet::size @ 19 (49 bytes)
Event: 6.076 Thread 0x00007f0a3c0bd000 nmethod 1047% 0x00007f0a2caf35d0 code [0x00007f0a2caf3740, 0x00007f0a2caf3a50]
Event: 6.076 Thread 0x00007f0a3c0bd000 1049 %     3       com.android.dx.ssa.SsaRenamer$BlockRenamer::process @ 119 (191 bytes)

GC Heap History (9 events):
Event: 3.171 GC heap before
{Heap before GC invocations=1 (full 0):
 PSYoungGen      total 9216K, used 8192K [0x00000000eab00000, 0x00000000eb500000, 0x0000000100000000)
  eden space 8192K, 100% used [0x00000000eab00000,0x00000000eb300000,0x00000000eb300000)
  from space 1024K, 0% used [0x00000000eb400000,0x00000000eb400000,0x00000000eb500000)
  to   space 1024K, 0% used [0x00000000eb300000,0x00000000eb300000,0x00000000eb400000)
 ParOldGen       total 20480K, used 0K [0x00000000c0000000, 0x00000000c1400000, 0x00000000eab00000)
  object space 20480K, 0% used [0x00000000c0000000,0x00000000c0000000,0x00000000c1400000)
 Metaspace       used 4623K, capacity 5808K, committed 6016K, reserved 1056768K
  class space    used 489K, capacity 552K, committed 640K, reserved 1048576K
Event: 3.191 GC heap after
Heap after GC invocations=1 (full 0):
 PSYoungGen      total 9216K, used 1019K [0x00000000eab00000, 0x00000000eb500000, 0x0000000100000000)
  eden space 8192K, 0% used [0x00000000eab00000,0x00000000eab00000,0x00000000eb300000)
  from space 1024K, 99% used [0x00000000eb300000,0x00000000eb3fed58,0x00000000eb400000)
  to   space 1024K, 0% used [0x00000000eb400000,0x00000000eb400000,0x00000000eb500000)
 ParOldGen       total 20480K, used 1596K [0x00000000c0000000, 0x00000000c1400000, 0x00000000eab00000)
  object space 20480K, 7% used [0x00000000c0000000,0x00000000c018f290,0x00000000c1400000)
 Metaspace       used 4623K, capacity 5808K, committed 6016K, reserved 1056768K
  class space    used 489K, capacity 552K, committed 640K, reserved 1048576K
}
Event: 4.244 GC heap before
{Heap before GC invocations=2 (full 0):
 PSYoungGen      total 9216K, used 9211K [0x00000000eab00000, 0x00000000eb500000, 0x0000000100000000)
  eden space 8192K, 100% used [0x00000000eab00000,0x00000000eb300000,0x00000000eb300000)
  from space 1024K, 99% used [0x00000000eb300000,0x00000000eb3fed58,0x00000000eb400000)
  to   space 1024K, 0% used [0x00000000eb400000,0x00000000eb400000,0x00000000eb500000)
 ParOldGen       total 20480K, used 1596K [0x00000000c0000000, 0x00000000c1400000, 0x00000000eab00000)
  object space 20480K, 7% used [0x00000000c0000000,0x00000000c018f290,0x00000000c1400000)
 Metaspace       used 5614K, capacity 6704K, committed 6784K, reserved 1056768K
  class space    used 566K, capacity 616K, committed 640K, reserved 1048576K
Event: 4.260 GC heap after
Heap after GC invocations=2 (full 0):
 PSYoungGen      total 9216K, used 1017K [0x00000000eab00000, 0x00000000ebd00000, 0x0000000100000000)
  eden space 8192K, 0% used [0x00000000eab00000,0x00000000eab00000,0x00000000eb300000)
  from space 1024K, 99% used [0x00000000eb400000,0x00000000eb4fe698,0x00000000eb500000)
  to   space 1024K, 0% used [0x00000000eb300000,0x00000000eb300000,0x00000000eb400000)
 ParOldGen       total 20480K, used 3650K [0x00000000c0000000, 0x00000000c1400000, 0x00000000eab00000)
  object space 20480K, 17% used [0x00000000c0000000,0x00000000c03909d8,0x00000000c1400000)
 Metaspace       used 5614K, capacity 6704K, committed 6784K, reserved 1056768K
  class space    used 566K, capacity 616K, committed 640K, reserved 1048576K
}
Event: 5.096 GC heap before
{Heap before GC invocations=3 (full 0):
 PSYoungGen      total 9216K, used 9209K [0x00000000eab00000, 0x00000000ebd00000, 0x0000000100000000)
  eden space 8192K, 100% used [0x00000000eab00000,0x00000000eb300000,0x00000000eb300000)
  from space 1024K, 99% used [0x00000000eb400000,0x00000000eb4fe698,0x00000000eb500000)
  to   space 1024K, 0% used [0x00000000eb300000,0x00000000eb300000,0x00000000eb400000)
 ParOldGen       total 20480K, used 3650K [0x00000000c0000000, 0x00000000c1400000, 0x00000000eab00000)
  object space 20480K, 17% used [0x00000000c0000000,0x00000000c03909d8,0x00000000c1400000)
 Metaspace       used 5708K, capacity 6768K, committed 7040K, reserved 1056768K
  class space    used 568K, capacity 616K, committed 640K, reserved 1048576K
Event: 5.135 GC heap after
Heap after GC invocations=3 (full 0):
 PSYoungGen      total 9216K, used 1017K [0x00000000eab00000, 0x00000000ebd00000, 0x0000000100000000)
  eden space 8192K, 0% used [0x00000000eab00000,0x00000000eab00000,0x00000000eb300000)
  from space 1024K, 99% used [0x00000000eb300000,0x00000000eb3fe698,0x00000000eb400000)
  to   space 1024K, 0% used [0x00000000ebc00000,0x00000000ebc00000,0x00000000ebd00000)
 ParOldGen       total 20480K, used 5970K [0x00000000c0000000, 0x00000000c1400000, 0x00000000eab00000)
  object space 20480K, 29% used [0x00000000c0000000,0x00000000c05d4808,0x00000000c1400000)
 Metaspace       used 5708K, capacity 6768K, committed 7040K, reserved 1056768K
  class space    used 568K, capacity 616K, committed 640K, reserved 1048576K
}
Event: 5.528 GC heap before
{Heap before GC invocations=4 (full 0):
 PSYoungGen      total 9216K, used 9209K [0x00000000eab00000, 0x00000000ebd00000, 0x0000000100000000)
  eden space 8192K, 100% used [0x00000000eab00000,0x00000000eb300000,0x00000000eb300000)
  from space 1024K, 99% used [0x00000000eb300000,0x00000000eb3fe698,0x00000000eb400000)
  to   space 1024K, 0% used [0x00000000ebc00000,0x00000000ebc00000,0x00000000ebd00000)
 ParOldGen       total 20480K, used 5970K [0x00000000c0000000, 0x00000000c1400000, 0x00000000eab00000)
  object space 20480K, 29% used [0x00000000c0000000,0x00000000c05d4808,0x00000000c1400000)
 Metaspace       used 5731K, capacity 6768K, committed 7040K, reserved 1056768K
  class space    used 568K, capacity 616K, committed 640K, reserved 1048576K
Event: 5.547 GC heap after
Heap after GC invocations=4 (full 0):
 PSYoungGen      total 17408K, used 1017K [0x00000000eab00000, 0x00000000ebd00000, 0x0000000100000000)
  eden space 16384K, 0% used [0x00000000eab00000,0x00000000eab00000,0x00000000ebb00000)
  from space 1024K, 99% used [0x00000000ebc00000,0x00000000ebcfe6a8,0x00000000ebd00000)
  to   space 1024K, 0% used [0x00000000ebb00000,0x00000000ebb00000,0x00000000ebc00000)
 ParOldGen       total 20480K, used 7607K [0x00000000c0000000, 0x00000000c1400000, 0x00000000eab00000)
  object space 20480K, 37% used [0x00000000c0000000,0x00000000c076dde0,0x00000000c1400000)
 Metaspace       used 5731K, capacity 6768K, committed 7040K, reserved 1056768K
  class space    used 568K, capacity 616K, committed 640K, reserved 1048576K
}
Event: 6.159 GC heap before
{Heap before GC invocations=5 (full 0):
 PSYoungGen      total 17408K, used 17401K [0x00000000eab00000, 0x00000000ebd00000, 0x0000000100000000)
  eden space 16384K, 100% used [0x00000000eab00000,0x00000000ebb00000,0x00000000ebb00000)
  from space 1024K, 99% used [0x00000000ebc00000,0x00000000ebcfe6a8,0x00000000ebd00000)
  to   space 1024K, 0% used [0x00000000ebb00000,0x00000000ebb00000,0x00000000ebc00000)
 ParOldGen       total 20480K, used 7607K [0x00000000c0000000, 0x00000000c1400000, 0x00000000eab00000)
  object space 20480K, 37% used [0x00000000c0000000,0x00000000c076dde0,0x00000000c1400000)
 Metaspace       used 5741K, capacity 6768K, committed 7040K, reserved 1056768K
  class space    used 568K, capacity 616K, committed 640K, reserved 1048576K

Deoptimization events (10 events):
Event: 3.932 Thread 0x00007f0a3c15b800 Uncommon trap: reason=bimorphic action=maybe_recompile pc=0x00007f0a2c9c2954 method=java.util.HashMap.getNode(ILjava/lang/Object;)Ljava/util/HashMap$Node; @ 126
Event: 3.932 Thread 0x00007f0a3c15b800 Uncommon trap: reason=bimorphic action=maybe_recompile pc=0x00007f0a2c9c2954 method=java.util.HashMap.getNode(ILjava/lang/Object;)Ljava/util/HashMap$Node; @ 126
Event: 4.125 Thread 0x00007f0a3c00a000 Uncommon trap: reason=class_check action=maybe_recompile pc=0x00007f0a2c9c2f90 method=com.android.dx.ssa.NormalSsaInsn.accept(Lcom/android/dx/ssa/SsaInsn$Visitor;)V @ 9
Event: 4.149 Thread 0x00007f0a3c00a000 Uncommon trap: reason=class_check action=maybe_recompile pc=0x00007f0a2c9c2f90 method=com.android.dx.ssa.NormalSsaInsn.accept(Lcom/android/dx/ssa/SsaInsn$Visitor;)V @ 9
Event: 4.149 Thread 0x00007f0a3c00a000 Uncommon trap: reason=class_check action=maybe_recompile pc=0x00007f0a2c9c2f90 method=com.android.dx.ssa.NormalSsaInsn.accept(Lcom/android/dx/ssa/SsaInsn$Visitor;)V @ 9
Event: 4.150 Thread 0x00007f0a3c00a000 Uncommon trap: reason=class_check action=maybe_recompile pc=0x00007f0a2c9c2f90 method=com.android.dx.ssa.NormalSsaInsn.accept(Lcom/android/dx/ssa/SsaInsn$Visitor;)V @ 9
Event: 4.991 Thread 0x00007f0a3c158800 Uncommon trap: reason=unstable_if action=reinterpret pc=0x00007f0a2c9b9c78 method=java.util.BitSet.ensureCapacity(I)V @ 6
Event: 5.433 Thread 0x00007f0a3c00a000 Uncommon trap: reason=null_check action=make_not_entrant pc=0x00007f0a2c9bf2e0 method=com.android.dx.rop.type.Type.equals(Ljava/lang/Object;)Z @ 8
Event: 5.561 Thread 0x00007f0a3c15b800 Uncommon trap: reason=class_check action=maybe_recompile pc=0x00007f0a2ca339d8 method=com.android.dx.ssa.NormalSsaInsn.accept(Lcom/android/dx/ssa/SsaInsn$Visitor;)V @ 9
Event: 5.564 Thread 0x00007f0a3c00a000 Uncommon trap: reason=class_check action=maybe_recompile pc=0x00007f0a2ca339d8 method=com.android.dx.ssa.NormalSsaInsn.accept(Lcom/android/dx/ssa/SsaInsn$Visitor;)V @ 9

Internal exceptions (3 events):
Event: 0.454 Thread 0x00007f0a3c00a000 Exception <a 'java/lang/NoSuchMethodError': Method sun.misc.Unsafe.defineClass(Ljava/lang/String;[BII)Ljava/lang/Class; name or signature does not match> (0x00000000eab07c78) thrown at [/ssd/Android/AOSP-openjdk/external/jetbrains/jdk/hotspot/src/share/vm
Event: 0.454 Thread 0x00007f0a3c00a000 Exception <a 'java/lang/NoSuchMethodError': Method sun.misc.Unsafe.prefetchRead(Ljava/lang/Object;J)V name or signature does not match> (0x00000000eab07f60) thrown at [/ssd/Android/AOSP-openjdk/external/jetbrains/jdk/hotspot/src/share/vm/prims/jni.cpp, li
Event: 5.433 Thread 0x00007f0a3c00a000 Implicit null exception at 0x00007f0a2c9bf1e2 to 0x00007f0a2c9bf2d3

Events (10 events):
Event: 5.433 Thread 0x00007f0a3c00a000 DEOPT UNPACKING pc=0x00007f0a2c7b1f69 sp=0x00007f0a42735728 mode 2
Event: 5.508 Executing VM operation: ParallelGCFailedAllocation
Event: 5.547 Executing VM operation: ParallelGCFailedAllocation done
Event: 5.548 Thread 0x00007f0a3c00a000 Uncommon trap: trap_request=0xffffffde fr.pc=0x00007f0a2ca339d8
Event: 5.561 Thread 0x00007f0a3c15b800 Uncommon trap: trap_request=0xffffffde fr.pc=0x00007f0a2ca339d8
Event: 5.561 Thread 0x00007f0a3c15b800 DEOPT PACKING pc=0x00007f0a2ca339d8 sp=0x00007f0a131170d0
Event: 5.561 Thread 0x00007f0a3c15b800 DEOPT UNPACKING pc=0x00007f0a2c7b1f69 sp=0x00007f0a131170a0 mode 2
Event: 5.564 Thread 0x00007f0a3c00a000 DEOPT PACKING pc=0x00007f0a2ca339d8 sp=0x00007f0a42735760
Event: 5.564 Thread 0x00007f0a3c00a000 DEOPT UNPACKING pc=0x00007f0a2c7b1f69 sp=0x00007f0a42735730 mode 2
Event: 6.144 Executing VM operation: ParallelGCFailedAllocation


Dynamic libraries:
00400000-00401000 r-xp 00000000 fd:00 7343915                            /usr/local/android-studio/jre/bin/java
00600000-00601000 r--p 00000000 fd:00 7343915                            /usr/local/android-studio/jre/bin/java
00601000-00602000 rw-p 00001000 fd:00 7343915                            /usr/local/android-studio/jre/bin/java
0193b000-0195c000 rw-p 00000000 00:00 0                                  [heap]
c0000000-c1400000 rw-p 00000000 00:00 0 
c1400000-eab00000 ---p 00000000 00:00 0 
eab00000-ebd00000 rw-p 00000000 00:00 0 
ed400000-100000000 ---p 00000000 00:00 0 
100000000-1000a0000 rw-p 00000000 00:00 0 
1000a0000-140000000 ---p 00000000 00:00 0 
7f09dc000000-7f09dc021000 rw-p 00000000 00:00 0 
7f09dc021000-7f09e0000000 ---p 00000000 00:00 0 
7f09e0000000-7f09e0021000 rw-p 00000000 00:00 0 
7f09e0021000-7f09e4000000 ---p 00000000 00:00 0 
7f09e4000000-7f09e4021000 rw-p 00000000 00:00 0 
7f09e4021000-7f09e8000000 ---p 00000000 00:00 0 
7f09e8000000-7f09e8023000 rw-p 00000000 00:00 0 
7f09e8023000-7f09ec000000 ---p 00000000 00:00 0 
7f09ec000000-7f09ec021000 rw-p 00000000 00:00 0 
7f09ec021000-7f09f0000000 ---p 00000000 00:00 0 
7f09f0000000-7f09f0021000 rw-p 00000000 00:00 0 
7f09f0021000-7f09f4000000 ---p 00000000 00:00 0 
7f09f4000000-7f09f45b1000 rw-p 00000000 00:00 0 
7f09f45b1000-7f09f8000000 ---p 00000000 00:00 0 
7f09f8000000-7f09f8021000 rw-p 00000000 00:00 0 
7f09f8021000-7f09fc000000 ---p 00000000 00:00 0 
7f09fc000000-7f09fc3fb000 rw-p 00000000 00:00 0 
7f09fc3fb000-7f0a00000000 ---p 00000000 00:00 0 
7f0a00000000-7f0a003fc000 rw-p 00000000 00:00 0 
7f0a003fc000-7f0a04000000 ---p 00000000 00:00 0 
7f0a04000000-7f0a04021000 rw-p 00000000 00:00 0 
7f0a04021000-7f0a08000000 ---p 00000000 00:00 0 
7f0a08000000-7f0a08021000 rw-p 00000000 00:00 0 
7f0a08021000-7f0a0c000000 ---p 00000000 00:00 0 
7f0a0c000000-7f0a0c021000 rw-p 00000000 00:00 0 
7f0a0c021000-7f0a10000000 ---p 00000000 00:00 0 
7f0a13018000-7f0a1301b000 ---p 00000000 00:00 0 
7f0a1301b000-7f0a13119000 rw-p 00000000 00:00 0 
7f0a13119000-7f0a1311c000 ---p 00000000 00:00 0 
7f0a1311c000-7f0a1321a000 rw-p 00000000 00:00 0 
7f0a1321a000-7f0a1321d000 ---p 00000000 00:00 0 
7f0a1321d000-7f0a1331b000 rw-p 00000000 00:00 0 
7f0a1331b000-7f0a1331e000 ---p 00000000 00:00 0 
7f0a1331e000-7f0a1341c000 rw-p 00000000 00:00 0 
7f0a1341c000-7f0a1341f000 ---p 00000000 00:00 0 
7f0a1341f000-7f0a1351d000 rw-p 00000000 00:00 0 
7f0a1351d000-7f0a1351e000 ---p 00000000 00:00 0 
7f0a1351e000-7f0a1361e000 rw-p 00000000 00:00 0 
7f0a1361e000-7f0a13621000 ---p 00000000 00:00 0 
7f0a13621000-7f0a1371f000 rw-p 00000000 00:00 0 
7f0a1371f000-7f0a13722000 ---p 00000000 00:00 0 
7f0a13722000-7f0a13820000 rw-p 00000000 00:00 0 
7f0a13820000-7f0a13823000 ---p 00000000 00:00 0 
7f0a13823000-7f0a13921000 rw-p 00000000 00:00 0 
7f0a13921000-7f0a13924000 ---p 00000000 00:00 0 
7f0a13924000-7f0a13a22000 rw-p 00000000 00:00 0 
7f0a13a22000-7f0a13a25000 ---p 00000000 00:00 0 
7f0a13a25000-7f0a13b23000 rw-p 00000000 00:00 0 
7f0a13b23000-7f0a13dfe000 r--p 00000000 fd:00 4851257                    /usr/lib/locale/locale-archive
7f0a13dfe000-7f0a13e01000 ---p 00000000 00:00 0 
7f0a13e01000-7f0a13eff000 rw-p 00000000 00:00 0 
7f0a13eff000-7f0a13f02000 ---p 00000000 00:00 0 
7f0a13f02000-7f0a14000000 rw-p 00000000 00:00 0 
7f0a14000000-7f0a14021000 rw-p 00000000 00:00 0 
7f0a14021000-7f0a18000000 ---p 00000000 00:00 0 
7f0a18000000-7f0a18286000 rw-p 00000000 00:00 0 
7f0a18286000-7f0a1c000000 ---p 00000000 00:00 0 
7f0a1c000000-7f0a1c021000 rw-p 00000000 00:00 0 
7f0a1c021000-7f0a20000000 ---p 00000000 00:00 0 
7f0a20000000-7f0a20021000 rw-p 00000000 00:00 0 
7f0a20021000-7f0a24000000 ---p 00000000 00:00 0 
7f0a24000000-7f0a24021000 rw-p 00000000 00:00 0 
7f0a24021000-7f0a28000000 ---p 00000000 00:00 0 
7f0a28063000-7f0a28071000 r--s 000e0000 fd:00 9318350                    /home/rbarnes/Android/Sdk/build-tools/25.0.0/lib/dx.jar
7f0a28071000-7f0a28072000 ---p 00000000 00:00 0 
7f0a28072000-7f0a290c3000 rw-p 00000000 00:00 0 
7f0a290c3000-7f0a29292000 r--s 03c1b000 fd:00 7343952                    /usr/local/android-studio/jre/jre/lib/rt.jar
7f0a29292000-7f0a298d2000 rw-p 00000000 00:00 0 
7f0a298d2000-7f0a29a92000 ---p 00000000 00:00 0 
7f0a29a92000-7f0a2bc92000 rw-p 00000000 00:00 0 
7f0a2bc92000-7f0a2bc93000 ---p 00000000 00:00 0 
7f0a2bc93000-7f0a2bd93000 rw-p 00000000 00:00 0 
7f0a2bd93000-7f0a2bd94000 ---p 00000000 00:00 0 
7f0a2bd94000-7f0a2be94000 rw-p 00000000 00:00 0 
7f0a2be94000-7f0a2be95000 ---p 00000000 00:00 0 
7f0a2be95000-7f0a2bf95000 rw-p 00000000 00:00 0 
7f0a2bf95000-7f0a2bf96000 ---p 00000000 00:00 0 
7f0a2bf96000-7f0a2c0a0000 rw-p 00000000 00:00 0 
7f0a2c0a0000-7f0a2c1ec000 ---p 00000000 00:00 0 
7f0a2c1ec000-7f0a2c1f6000 rw-p 00000000 00:00 0 
7f0a2c1f6000-7f0a2c341000 ---p 00000000 00:00 0 
7f0a2c341000-7f0a2c34b000 rw-p 00000000 00:00 0 
7f0a2c34b000-7f0a2c3ec000 ---p 00000000 00:00 0 
7f0a2c3ec000-7f0a2c3fb000 rw-p 00000000 00:00 0 
7f0a2c3fb000-7f0a2c7ad000 ---p 00000000 00:00 0 
7f0a2c7ad000-7f0a2cafd000 rwxp 00000000 00:00 0 
7f0a2cafd000-7f0a3b7ad000 ---p 00000000 00:00 0 
7f0a3b7ad000-7f0a3b7c7000 r-xp 00000000 fd:00 7473467                    /usr/local/android-studio/jre/jre/lib/amd64/libzip.so
7f0a3b7c7000-7f0a3b9c7000 ---p 0001a000 fd:00 7473467                    /usr/local/android-studio/jre/jre/lib/amd64/libzip.so
7f0a3b9c7000-7f0a3b9c8000 r--p 0001a000 fd:00 7473467                    /usr/local/android-studio/jre/jre/lib/amd64/libzip.so
7f0a3b9c8000-7f0a3b9c9000 rw-p 0001b000 fd:00 7473467                    /usr/local/android-studio/jre/jre/lib/amd64/libzip.so
7f0a3b9c9000-7f0a3b9d4000 r-xp 00000000 fd:00 524380                     /lib/x86_64-linux-gnu/libnss_files-2.24.so
7f0a3b9d4000-7f0a3bbd3000 ---p 0000b000 fd:00 524380                     /lib/x86_64-linux-gnu/libnss_files-2.24.so
7f0a3bbd3000-7f0a3bbd4000 r--p 0000a000 fd:00 524380                     /lib/x86_64-linux-gnu/libnss_files-2.24.so
7f0a3bbd4000-7f0a3bbd5000 rw-p 0000b000 fd:00 524380                     /lib/x86_64-linux-gnu/libnss_files-2.24.so
7f0a3bbd5000-7f0a3bbdb000 rw-p 00000000 00:00 0 
7f0a3bbdb000-7f0a3bbe6000 r-xp 00000000 fd:00 524382                     /lib/x86_64-linux-gnu/libnss_nis-2.24.so
7f0a3bbe6000-7f0a3bde5000 ---p 0000b000 fd:00 524382                     /lib/x86_64-linux-gnu/libnss_nis-2.24.so
7f0a3bde5000-7f0a3bde6000 r--p 0000a000 fd:00 524382                     /lib/x86_64-linux-gnu/libnss_nis-2.24.so
7f0a3bde6000-7f0a3bde7000 rw-p 0000b000 fd:00 524382                     /lib/x86_64-linux-gnu/libnss_nis-2.24.so
7f0a3bde7000-7f0a3bdfd000 r-xp 00000000 fd:00 524377                     /lib/x86_64-linux-gnu/libnsl-2.24.so
7f0a3bdfd000-7f0a3bffc000 ---p 00016000 fd:00 524377                     /lib/x86_64-linux-gnu/libnsl-2.24.so
7f0a3bffc000-7f0a3bffd000 r--p 00015000 fd:00 524377                     /lib/x86_64-linux-gnu/libnsl-2.24.so
7f0a3bffd000-7f0a3bffe000 rw-p 00016000 fd:00 524377                     /lib/x86_64-linux-gnu/libnsl-2.24.so
7f0a3bffe000-7f0a3c000000 rw-p 00000000 00:00 0 
7f0a3c000000-7f0a3c387000 rw-p 00000000 00:00 0 
7f0a3c387000-7f0a40000000 ---p 00000000 00:00 0 
7f0a40005000-7f0a400de000 rw-p 00000000 00:00 0 
7f0a400de000-7f0a400e6000 r-xp 00000000 fd:00 524378                     /lib/x86_64-linux-gnu/libnss_compat-2.24.so
7f0a400e6000-7f0a402e5000 ---p 00008000 fd:00 524378                     /lib/x86_64-linux-gnu/libnss_compat-2.24.so
7f0a402e5000-7f0a402e6000 r--p 00007000 fd:00 524378                     /lib/x86_64-linux-gnu/libnss_compat-2.24.so
7f0a402e6000-7f0a402e7000 rw-p 00008000 fd:00 524378                     /lib/x86_64-linux-gnu/libnss_compat-2.24.so
7f0a402e7000-7f0a40314000 r-xp 00000000 fd:00 7473477                    /usr/local/android-studio/jre/jre/lib/amd64/libjava.so
7f0a40314000-7f0a40513000 ---p 0002d000 fd:00 7473477                    /usr/local/android-studio/jre/jre/lib/amd64/libjava.so
7f0a40513000-7f0a40514000 r--p 0002c000 fd:00 7473477                    /usr/local/android-studio/jre/jre/lib/amd64/libjava.so
7f0a40514000-7f0a40516000 rw-p 0002d000 fd:00 7473477                    /usr/local/android-studio/jre/jre/lib/amd64/libjava.so
7f0a40516000-7f0a40526000 r-xp 00000000 fd:00 7473493                    /usr/local/android-studio/jre/jre/lib/amd64/libverify.so
7f0a40526000-7f0a40725000 ---p 00010000 fd:00 7473493                    /usr/local/android-studio/jre/jre/lib/amd64/libverify.so
7f0a40725000-7f0a40727000 r--p 0000f000 fd:00 7473493                    /usr/local/android-studio/jre/jre/lib/amd64/libverify.so
7f0a40727000-7f0a40728000 rw-p 00011000 fd:00 7473493                    /usr/local/android-studio/jre/jre/lib/amd64/libverify.so
7f0a40728000-7f0a4072f000 r-xp 00000000 fd:00 528790                     /lib/x86_64-linux-gnu/librt-2.24.so
7f0a4072f000-7f0a4092e000 ---p 00007000 fd:00 528790                     /lib/x86_64-linux-gnu/librt-2.24.so
7f0a4092e000-7f0a4092f000 r--p 00006000 fd:00 528790                     /lib/x86_64-linux-gnu/librt-2.24.so
7f0a4092f000-7f0a40930000 rw-p 00007000 fd:00 528790                     /lib/x86_64-linux-gnu/librt-2.24.so
7f0a40930000-7f0a40a38000 r-xp 00000000 fd:00 524374                     /lib/x86_64-linux-gnu/libm-2.24.so
7f0a40a38000-7f0a40c37000 ---p 00108000 fd:00 524374                     /lib/x86_64-linux-gnu/libm-2.24.so
7f0a40c37000-7f0a40c38000 r--p 00107000 fd:00 524374                     /lib/x86_64-linux-gnu/libm-2.24.so
7f0a40c38000-7f0a40c39000 rw-p 00108000 fd:00 524374                     /lib/x86_64-linux-gnu/libm-2.24.so
7f0a40c39000-7f0a4182a000 r-xp 00000000 fd:00 7473497                    /usr/local/android-studio/jre/jre/lib/amd64/server/libjvm.so
7f0a4182a000-7f0a41a2a000 ---p 00bf1000 fd:00 7473497                    /usr/local/android-studio/jre/jre/lib/amd64/server/libjvm.so
7f0a41a2a000-7f0a41ac9000 r--p 00bf1000 fd:00 7473497                    /usr/local/android-studio/jre/jre/lib/amd64/server/libjvm.so
7f0a41ac9000-7f0a41af2000 rw-p 00c90000 fd:00 7473497                    /usr/local/android-studio/jre/jre/lib/amd64/server/libjvm.so
7f0a41af2000-7f0a41b36000 rw-p 00000000 00:00 0 
7f0a41b36000-7f0a41b4e000 r-xp 00000000 fd:00 524385                     /lib/x86_64-linux-gnu/libpthread-2.24.so
7f0a41b4e000-7f0a41d4e000 ---p 00018000 fd:00 524385                     /lib/x86_64-linux-gnu/libpthread-2.24.so
7f0a41d4e000-7f0a41d4f000 r--p 00018000 fd:00 524385                     /lib/x86_64-linux-gnu/libpthread-2.24.so
7f0a41d4f000-7f0a41d50000 rw-p 00019000 fd:00 524385                     /lib/x86_64-linux-gnu/libpthread-2.24.so
7f0a41d50000-7f0a41d54000 rw-p 00000000 00:00 0 
7f0a41d54000-7f0a41d57000 r-xp 00000000 fd:00 524373                     /lib/x86_64-linux-gnu/libdl-2.24.so
7f0a41d57000-7f0a41f56000 ---p 00003000 fd:00 524373                     /lib/x86_64-linux-gnu/libdl-2.24.so
7f0a41f56000-7f0a41f57000 r--p 00002000 fd:00 524373                     /lib/x86_64-linux-gnu/libdl-2.24.so
7f0a41f57000-7f0a41f58000 rw-p 00003000 fd:00 524373                     /lib/x86_64-linux-gnu/libdl-2.24.so
7f0a41f58000-7f0a42116000 r-xp 00000000 fd:00 524370                     /lib/x86_64-linux-gnu/libc-2.24.so
7f0a42116000-7f0a42315000 ---p 001be000 fd:00 524370                     /lib/x86_64-linux-gnu/libc-2.24.so
7f0a42315000-7f0a42319000 r--p 001bd000 fd:00 524370                     /lib/x86_64-linux-gnu/libc-2.24.so
7f0a42319000-7f0a4231b000 rw-p 001c1000 fd:00 524370                     /lib/x86_64-linux-gnu/libc-2.24.so
7f0a4231b000-7f0a4231f000 rw-p 00000000 00:00 0 
7f0a4231f000-7f0a42335000 r-xp 00000000 fd:00 7343889                    /usr/local/android-studio/jre/lib/amd64/jli/libjli.so
7f0a42335000-7f0a42534000 ---p 00016000 fd:00 7343889                    /usr/local/android-studio/jre/lib/amd64/jli/libjli.so
7f0a42534000-7f0a42535000 r--p 00015000 fd:00 7343889                    /usr/local/android-studio/jre/lib/amd64/jli/libjli.so
7f0a42535000-7f0a42536000 rw-p 00016000 fd:00 7343889                    /usr/local/android-studio/jre/lib/amd64/jli/libjli.so
7f0a42536000-7f0a4255c000 r-xp 00000000 fd:00 524293                     /lib/x86_64-linux-gnu/ld-2.24.so
7f0a42561000-7f0a42566000 r--s 0003b000 fd:00 8266881                    /home/rbarnes/.android/build-cache/25ee8ffeeb4acc4430c7513424c9fbecd68e2f78/output/jars/classes.jar
7f0a42566000-7f0a42637000 rw-p 00000000 00:00 0 
7f0a42637000-7f0a4263a000 ---p 00000000 00:00 0 
7f0a4263a000-7f0a4274e000 rw-p 00000000 00:00 0 
7f0a4274e000-7f0a42756000 rw-s 00000000 fd:00 9318429                    /tmp/hsperfdata_rbarnes/8086
7f0a42756000-7f0a42757000 rw-p 00000000 00:00 0 
7f0a42757000-7f0a42758000 ---p 00000000 00:00 0 
7f0a42758000-7f0a4275b000 rw-p 00000000 00:00 0 
7f0a4275b000-7f0a4275c000 r--p 00025000 fd:00 524293                     /lib/x86_64-linux-gnu/ld-2.24.so
7f0a4275c000-7f0a4275d000 rw-p 00026000 fd:00 524293                     /lib/x86_64-linux-gnu/ld-2.24.so
7f0a4275d000-7f0a4275e000 rw-p 00000000 00:00 0 
7ffcc8c30000-7ffcc8c51000 rw-p 00000000 00:00 0                          [stack]
7ffcc8cda000-7ffcc8cdc000 r--p 00000000 00:00 0                          [vvar]
7ffcc8cdc000-7ffcc8cde000 r-xp 00000000 00:00 0                          [vdso]
ffffffffff600000-ffffffffff601000 r-xp 00000000 00:00 0                  [vsyscall]

VM Arguments:
jvm_args: -Djava.awt.headless=true -Xmx1024M -Dfile.encoding=UTF-8 -Duser.country=US -Duser.language=en -Duser.variant 
java_command: com.android.dx.command.Main --dex --force-jumbo --num-threads=4 --multi-dex --output /home/rbarnes/Documents/StudioProjects/MapMyMotion/mapMyMotion/build/intermediates/transforms/dex/debug/folders/1000/10/classes_98ddc84f01f19eebdcef0c8cad08386f3d964f8a /home/rbarnes/.android/build-cache/25ee8ffeeb4acc4430c7513424c9fbecd68e2f78/output/jars/classes.jar
java_class_path (initial): /home/rbarnes/Android/Sdk/build-tools/25.0.0/lib/dx.jar
Launcher Type: SUN_STANDARD

Environment Variables:
PATH=/usr/local/sbin:/usr/local/bin:/usr/sbin:/usr/bin:/sbin:/bin:/usr/games:/usr/local/games:/snap/bin
LD_LIBRARY_PATH=/usr/local/android-studio/bin:
SHELL=/bin/bash
DISPLAY=:0

Signal Handlers:
SIGSEGV: [libjvm.so+0x9e5150], sa_mask[0]=11111111011111111101111111111110, sa_flags=SA_RESTART|SA_SIGINFO
SIGBUS: [libjvm.so+0x9e5150], sa_mask[0]=11111111011111111101111111111110, sa_flags=SA_RESTART|SA_SIGINFO
SIGFPE: [libjvm.so+0x848450], sa_mask[0]=11111111011111111101111111111110, sa_flags=SA_RESTART|SA_SIGINFO
SIGPIPE: [libjvm.so+0x848450], sa_mask[0]=11111111011111111101111111111110, sa_flags=SA_RESTART|SA_SIGINFO
SIGXFSZ: [libjvm.so+0x848450], sa_mask[0]=11111111011111111101111111111110, sa_flags=SA_RESTART|SA_SIGINFO
SIGILL: [libjvm.so+0x848450], sa_mask[0]=11111111011111111101111111111110, sa_flags=SA_RESTART|SA_SIGINFO
SIGUSR1: SIG_DFL, sa_mask[0]=00000000000000000000000000000000, sa_flags=none
SIGUSR2: [libjvm.so+0x848320], sa_mask[0]=00100000000000000000000000000000, sa_flags=SA_RESTART|SA_SIGINFO
SIGHUP: [libjvm.so+0x848510], sa_mask[0]=11111111011111111101111111111110, sa_flags=SA_RESTART|SA_SIGINFO
SIGINT: [libjvm.so+0x848510], sa_mask[0]=11111111011111111101111111111110, sa_flags=SA_RESTART|SA_SIGINFO
SIGTERM: [libjvm.so+0x848510], sa_mask[0]=11111111011111111101111111111110, sa_flags=SA_RESTART|SA_SIGINFO
SIGQUIT: [libjvm.so+0x848510], sa_mask[0]=11111111011111111101111111111110, sa_flags=SA_RESTART|SA_SIGINFO


---------------  S Y S T E M  ---------------

OS:DISTRIB_ID=Ubuntu
DISTRIB_RELEASE=17.04
DISTRIB_CODENAME=zesty
DISTRIB_DESCRIPTION="Ubuntu 17.04"

uname:Linux 4.10.0-26-generic #30-Ubuntu SMP Tue Jun 27 09:30:12 UTC 2017 x86_64
libc:glibc 2.24 NPTL 2.24 
rlimit: STACK 8192k, CORE 0k, NPROC 7158, NOFILE 4096, AS infinity
load average:18.57 8.50 5.04

/proc/meminfo:
MemTotal:        1879332 kB
MemFree:          147176 kB
MemAvailable:      74940 kB
Buffers:             772 kB
Cached:            93588 kB
SwapCached:         1208 kB
Active:          1201888 kB
Inactive:         338764 kB
Active(anon):    1187716 kB
Inactive(anon):   311860 kB
Active(file):      14172 kB
Inactive(file):    26904 kB
Unevictable:         300 kB
Mlocked:             300 kB
SwapTotal:       1994748 kB
SwapFree:            396 kB
Dirty:               204 kB
Writeback:             0 kB
AnonPages:       1446576 kB
Mapped:            29012 kB
Shmem:             52864 kB
Slab:              79592 kB
SReclaimable:      31400 kB
SUnreclaim:        48192 kB
KernelStack:       12288 kB
PageTables:        55064 kB
NFS_Unstable:          0 kB
Bounce:                0 kB
WritebackTmp:          0 kB
CommitLimit:     2934412 kB
Committed_AS:    8800252 kB
VmallocTotal:   34359738367 kB
VmallocUsed:           0 kB
VmallocChunk:          0 kB
HardwareCorrupted:     0 kB
AnonHugePages:     38912 kB
ShmemHugePages:        0 kB
ShmemPmdMapped:        0 kB
CmaTotal:              0 kB
CmaFree:               0 kB
HugePages_Total:       0
HugePages_Free:        0
HugePages_Rsvd:        0
HugePages_Surp:        0
Hugepagesize:       2048 kB
DirectMap4k:      200320 kB
DirectMap2M:     1798144 kB


CPU:total 4 (2 cores per cpu, 2 threads per core) family 6 model 58 stepping 9, cmov, cx8, fxsr, mmx, sse, sse2, sse3, ssse3, sse4.1, sse4.2, popcnt, avx, aes, clmul, erms, ht, tsc, tscinvbit, tscinv

/proc/cpuinfo:
processor	: 0
vendor_id	: GenuineIntel
cpu family	: 6
model		: 58
model name	: Intel(R) Core(TM) i5-3210M CPU @ 2.50GHz
stepping	: 9
microcode	: 0x1c
cpu MHz		: 2899.932
cache size	: 3072 KB
physical id	: 0
siblings	: 4
core id		: 0
cpu cores	: 2
apicid		: 0
initial apicid	: 0
fpu		: yes
fpu_exception	: yes
cpuid level	: 13
wp		: yes
flags		: fpu vme de pse tsc msr pae mce cx8 apic sep mtrr pge mca cmov pat pse36 clflush dts acpi mmx fxsr sse sse2 ss ht tm pbe syscall nx rdtscp lm constant_tsc arch_perfmon pebs bts rep_good nopl xtopology nonstop_tsc aperfmperf pni pclmulqdq dtes64 monitor ds_cpl vmx est tm2 ssse3 cx16 xtpr pdcm pcid sse4_1 sse4_2 x2apic popcnt tsc_deadline_timer aes xsave avx f16c rdrand lahf_lm epb tpr_shadow vnmi flexpriority ept vpid fsgsbase smep erms xsaveopt dtherm ida arat pln pts
bugs		:
bogomips	: 4983.37
clflush size	: 64
cache_alignment	: 64
address sizes	: 36 bits physical, 48 bits virtual
power management:

processor	: 1
vendor_id	: GenuineIntel
cpu family	: 6
model		: 58
model name	: Intel(R) Core(TM) i5-3210M CPU @ 2.50GHz
stepping	: 9
microcode	: 0x1c
cpu MHz		: 2899.932
cache size	: 3072 KB
physical id	: 0
siblings	: 4
core id		: 1
cpu cores	: 2
apicid		: 2
initial apicid	: 2
fpu		: yes
fpu_exception	: yes
cpuid level	: 13
wp		: yes
flags		: fpu vme de pse tsc msr pae mce cx8 apic sep mtrr pge mca cmov pat pse36 clflush dts acpi mmx fxsr sse sse2 ss ht tm pbe syscall nx rdtscp lm constant_tsc arch_perfmon pebs bts rep_good nopl xtopology nonstop_tsc aperfmperf pni pclmulqdq dtes64 monitor ds_cpl vmx est tm2 ssse3 cx16 xtpr pdcm pcid sse4_1 sse4_2 x2apic popcnt tsc_deadline_timer aes xsave avx f16c rdrand lahf_lm epb tpr_shadow vnmi flexpriority ept vpid fsgsbase smep erms xsaveopt dtherm ida arat pln pts
bugs		:
bogomips	: 4983.37
clflush size	: 64
cache_alignment	: 64
address sizes	: 36 bits physical, 48 bits virtual
power management:

processor	: 2
vendor_id	: GenuineIntel
cpu family	: 6
model		: 58
model name	: Intel(R) Core(TM) i5-3210M CPU @ 2.50GHz
stepping	: 9
microcode	: 0x1c
cpu MHz		: 2899.932
cache size	: 3072 KB
physical id	: 0
siblings	: 4
core id		: 0
cpu cores	: 2
apicid		: 1
initial apicid	: 1
fpu		: yes
fpu_exception	: yes
cpuid level	: 13
wp		: yes
flags		: fpu vme de pse tsc msr pae mce cx8 apic sep mtrr pge mca cmov pat pse36 clflush dts acpi mmx fxsr sse sse2 ss ht tm pbe syscall nx rdtscp lm constant_tsc arch_perfmon pebs bts rep_good nopl xtopology nonstop_tsc aperfmperf pni pclmulqdq dtes64 monitor ds_cpl vmx est tm2 ssse3 cx16 xtpr pdcm pcid sse4_1 sse4_2 x2apic popcnt tsc_deadline_timer aes xsave avx f16c rdrand lahf_lm epb tpr_shadow vnmi flexpriority ept vpid fsgsbase smep erms xsaveopt dtherm ida arat pln pts
bugs		:
bogomips	: 4983.37
clflush size	: 64
cache_alignment	: 64
address sizes	: 36 bits physical, 48 bits virtual
power management:

processor	: 3
vendor_id	: GenuineIntel
cpu family	: 6
model		: 58
model name	: Intel(R) Core(TM) i5-3210M CPU @ 2.50GHz
stepping	: 9
microcode	: 0x1c
cpu MHz		: 2899.932
cache size	: 3072 KB
physical id	: 0
siblings	: 4
core id		: 1
cpu cores	: 2
apicid		: 3
initial apicid	: 3
fpu		: yes
fpu_exception	: yes
cpuid level	: 13
wp		: yes
flags		: fpu vme de pse tsc msr pae mce cx8 apic sep mtrr pge mca cmov pat pse36 clflush dts acpi mmx fxsr sse sse2 ss ht tm pbe syscall nx rdtscp lm constant_tsc arch_perfmon pebs bts rep_good nopl xtopology nonstop_tsc aperfmperf pni pclmulqdq dtes64 monitor ds_cpl vmx est tm2 ssse3 cx16 xtpr pdcm pcid sse4_1 sse4_2 x2apic popcnt tsc_deadline_timer aes xsave avx f16c rdrand lahf_lm epb tpr_shadow vnmi flexpriority ept vpid fsgsbase smep erms xsaveopt dtherm ida arat pln pts
bugs		:
bogomips	: 4983.37
clflush size	: 64
cache_alignment	: 64
address sizes	: 36 bits physical, 48 bits virtual
power management:



Memory: 4k page, physical 1879332k(146556k free), swap 1994748k(396k free)

vm_info: OpenJDK 64-Bit Server VM (25.112-b06) for linux-amd64 JRE (1.8.0_112-release-b06), built on Dec  6 2016 12:11:18 by "builder" with gcc 4.8.4

time: Sat Jul  1 05:31:53 2017
elapsed time: 6 seconds (0d 0h 0m 6s)

