#
# There is insufficient memory for the Java Runtime Environment to continue.
# Native memory allocation (mmap) failed to map 15204352 bytes for committing reserved memory.
# Possible reasons:
#   The system is out of physical RAM or swap space
#   In 32 bit mode, the process size limit was hit
# Possible solutions:
#   Reduce memory load on the system
#   Increase physical memory or swap space
#   Check if swap backing store is full
#   Use 64 bit Java on a 64 bit OS
#   Decrease Java heap size (-Xmx/-Xms)
#   Decrease number of Java threads
#   Decrease Java thread stack sizes (-Xss)
#   Set larger code cache with -XX:ReservedCodeCacheSize=
# This output file may be truncated or incomplete.
#
#  Out of Memory Error (os_linux.cpp:2627), pid=8019, tid=0x00007f961d6b4700
#
# JRE version: OpenJDK Runtime Environment (8.0_112-b06) (build 1.8.0_112-release-b06)
# Java VM: OpenJDK 64-Bit Server VM (25.112-b06 mixed mode linux-amd64 compressed oops)
# Failed to write core dump. Core dumps have been disabled. To enable core dumping, try "ulimit -c unlimited" before starting Java again
#

---------------  T H R E A D  ---------------

Current thread (0x00007f9634077800):  VMThread [stack: 0x00007f961d5b4000,0x00007f961d6b5000] [id=8031]

Stack: [0x00007f961d5b4000,0x00007f961d6b5000],  sp=0x00007f961d6b34c0,  free space=1021k
Native frames: (J=compiled Java code, j=interpreted, Vv=VM code, C=native code)
V  [libjvm.so+0x9e465d]  VMError::report_and_die()+0x15d
V  [libjvm.so+0x4b6ada]  report_vm_out_of_memory(char const*, int, unsigned long, VMErrorType, char const*)+0x8a
V  [libjvm.so+0x84c860]  os::pd_commit_memory(char*, unsigned long, unsigned long, bool)+0xf0
V  [libjvm.so+0x84737f]  os::commit_memory(char*, unsigned long, unsigned long, bool)+0x1f
V  [libjvm.so+0x8bd3db]  PSVirtualSpace::expand_by(unsigned long)+0x5b
V  [libjvm.so+0x8be050]  PSYoungGen::resize_generation(unsigned long, unsigned long)+0xb0
V  [libjvm.so+0x8be36b]  PSYoungGen::resize(unsigned long, unsigned long)+0x1b
V  [libjvm.so+0x8baa5c]  PSScavenge::invoke_no_policy()+0xdac
V  [libjvm.so+0x8bb238]  PSScavenge::invoke()+0x38
V  [libjvm.so+0x86fcf3]  ParallelScavengeHeap::failed_mem_allocate(unsigned long)+0x63
V  [libjvm.so+0x9e6124]  VM_ParallelGCFailedAllocation::doit()+0x84
V  [libjvm.so+0x9ea537]  VM_Operation::evaluate()+0x47
V  [libjvm.so+0x9e8ff8]  VMThread::evaluate_operation(VM_Operation*)+0x2c8
V  [libjvm.so+0x9e9479]  VMThread::loop()+0x219
V  [libjvm.so+0x9e98c2]  VMThread::run()+0x72
V  [libjvm.so+0x849c82]  java_start(Thread*)+0xf2

VM_Operation (0x00007f963bc8b420): ParallelGCFailedAllocation, mode: safepoint, requested by thread 0x00007f963400a000


---------------  P R O C E S S  ---------------

Java Threads: ( => current thread )
  0x00007f963413f000 JavaThread "pool-2-thread-4" [_thread_blocked, id=8058, stack(0x00007f961c5b8000,0x00007f961c6b9000)]
  0x00007f963413d000 JavaThread "pool-2-thread-3" [_thread_blocked, id=8057, stack(0x00007f961c6b9000,0x00007f961c7ba000)]
  0x00007f963413b800 JavaThread "pool-2-thread-2" [_thread_blocked, id=8056, stack(0x00007f961c7ba000,0x00007f961c8bb000)]
  0x00007f9634139000 JavaThread "pool-3-thread-1" [_thread_blocked, id=8053, stack(0x00007f961c8bb000,0x00007f961c9bc000)]
  0x00007f9634138000 JavaThread "pool-2-thread-1" [_thread_blocked, id=8051, stack(0x00007f961c9bc000,0x00007f961cabd000)]
  0x00007f96340c0000 JavaThread "Service Thread" daemon [_thread_blocked, id=8046, stack(0x00007f961cbd2000,0x00007f961ccd3000)]
  0x00007f96340bd000 JavaThread "C1 CompilerThread2" daemon [_thread_blocked, id=8044, stack(0x00007f961ccd3000,0x00007f961cdd4000)]
  0x00007f96340bb000 JavaThread "C2 CompilerThread1" daemon [_thread_blocked, id=8042, stack(0x00007f961cdd4000,0x00007f961ced5000)]
  0x00007f96340b8800 JavaThread "C2 CompilerThread0" daemon [_thread_blocked, id=8041, stack(0x00007f961ced5000,0x00007f961cfd6000)]
  0x00007f96340b7000 JavaThread "Signal Dispatcher" daemon [_thread_blocked, id=8038, stack(0x00007f961cfd6000,0x00007f961d0d7000)]
  0x00007f9634083800 JavaThread "Finalizer" daemon [_thread_blocked, id=8034, stack(0x00007f961d3b2000,0x00007f961d4b3000)]
  0x00007f963407f000 JavaThread "Reference Handler" daemon [_thread_blocked, id=8033, stack(0x00007f961d4b3000,0x00007f961d5b4000)]
  0x00007f963400a000 JavaThread "main" [_thread_blocked, id=8022, stack(0x00007f963bb8d000,0x00007f963bc8e000)]

Other Threads:
=>0x00007f9634077800 VMThread [stack: 0x00007f961d5b4000,0x00007f961d6b5000] [id=8031]
  0x00007f96340c2800 WatcherThread [stack: 0x00007f961cad1000,0x00007f961cbd2000] [id=8049]

VM state:at safepoint (normal execution)

VM Mutex/Monitor currently owned by a thread:  ([mutex/lock_event])
[0x00007f96340065d0] Threads_lock - owner thread: 0x00007f9634077800
[0x00007f9634006ad0] Heap_lock - owner thread: 0x00007f963400a000

Heap:
 PSYoungGen      total 95744K, used 14659K [0x00000000eab00000, 0x00000000f2700000, 0x0000000100000000)
  eden space 78336K, 0% used [0x00000000eab00000,0x00000000eab00000,0x00000000ef780000)
  from space 17408K, 84% used [0x00000000f0500000,0x00000000f1350f98,0x00000000f1600000)
  to   space 13824K, 0% used [0x00000000f1980000,0x00000000f1980000,0x00000000f2700000)
 ParOldGen       total 39424K, used 36543K [0x00000000c0000000, 0x00000000c2680000, 0x00000000eab00000)
  object space 39424K, 92% used [0x00000000c0000000,0x00000000c23afee8,0x00000000c2680000)
 Metaspace       used 6255K, capacity 7088K, committed 7296K, reserved 1056768K
  class space    used 589K, capacity 616K, committed 640K, reserved 1048576K

Card table byte_map: [0x00007f9638820000,0x00007f9638a21000] byte_map_base: 0x00007f9638220000

Marking Bits: (ParMarkBitMap*) 0x00007f963b05d340
 Begin Bits: [0x00007f961e000000, 0x00007f961f000000)
 End Bits:   [0x00007f961f000000, 0x00007f9620000000)

Polling page: 0x00007f963bcad000

CodeCache: size=245760Kb used=6834Kb max_used=6852Kb free=238925Kb
 bounds [0x00007f9625000000, 0x00007f96256c0000, 0x00007f9634000000]
 total_blobs=2050 nmethods=1780 adapters=184
 compilation: enabled

Compilation events (10 events):
Event: 11.569 Thread 0x00007f96340bd000 nmethod 2052 0x00007f96256afcd0 code [0x00007f96256afe80, 0x00007f96256b02b8]
Event: 11.569 Thread 0x00007f96340bd000 2053       2       com.android.dx.rop.cst.CstNat::equals (48 bytes)
Event: 11.569 Thread 0x00007f96340bd000 nmethod 2053 0x00007f96256b0590 code [0x00007f96256b0720, 0x00007f96256b0a58]
Event: 11.569 Thread 0x00007f96340bd000 2043   !   2       java.util.zip.ZipFile$ZipFileInputStream::read (131 bytes)
Event: 11.570 Thread 0x00007f96340bd000 nmethod 2043 0x00007f96256b0c90 code [0x00007f96256b0e40, 0x00007f96256b13c8]
Event: 11.570 Thread 0x00007f96340bd000 2044       2       java.util.zip.ZipFile::access$1300 (5 bytes)
Event: 11.570 Thread 0x00007f96340bd000 nmethod 2044 0x00007f96256b17d0 code [0x00007f96256b1940, 0x00007f96256b1ae8]
Event: 11.570 Thread 0x00007f96340bd000 2045       2       java.util.zip.ZipFile::ensureOpenOrZipException (18 bytes)
Event: 11.577 Thread 0x00007f96340bb000 nmethod 1847 0x00007f96256b1c10 code [0x00007f96256b1f00, 0x00007f96256b3c48]
Event: 11.577 Thread 0x00007f96340bb000 2025       4       com.android.dx.ssa.back.SsaToRop$1::visitBlock (97 bytes)

GC Heap History (10 events):
Event: 6.209 GC heap after
Heap after GC invocations=7 (full 0):
 PSYoungGen      total 37376K, used 5108K [0x00000000eab00000, 0x00000000ef900000, 0x0000000100000000)
  eden space 32256K, 0% used [0x00000000eab00000,0x00000000eab00000,0x00000000eca80000)
  from space 5120K, 99% used [0x00000000eca80000,0x00000000ecf7d128,0x00000000ecf80000)
  to   space 7680K, 0% used [0x00000000ef180000,0x00000000ef180000,0x00000000ef900000)
 ParOldGen       total 20480K, used 10722K [0x00000000c0000000, 0x00000000c1400000, 0x00000000eab00000)
  object space 20480K, 52% used [0x00000000c0000000,0x00000000c0a78ab8,0x00000000c1400000)
 Metaspace       used 5913K, capacity 6896K, committed 7040K, reserved 1056768K
  class space    used 570K, capacity 616K, committed 640K, reserved 1048576K
}
Event: 6.849 GC heap before
{Heap before GC invocations=8 (full 0):
 PSYoungGen      total 37376K, used 37364K [0x00000000eab00000, 0x00000000ef900000, 0x0000000100000000)
  eden space 32256K, 100% used [0x00000000eab00000,0x00000000eca80000,0x00000000eca80000)
  from space 5120K, 99% used [0x00000000eca80000,0x00000000ecf7d128,0x00000000ecf80000)
  to   space 7680K, 0% used [0x00000000ef180000,0x00000000ef180000,0x00000000ef900000)
 ParOldGen       total 20480K, used 10722K [0x00000000c0000000, 0x00000000c1400000, 0x00000000eab00000)
  object space 20480K, 52% used [0x00000000c0000000,0x00000000c0a78ab8,0x00000000c1400000)
 Metaspace       used 5937K, capacity 6896K, committed 7040K, reserved 1056768K
  class space    used 571K, capacity 616K, committed 640K, reserved 1048576K
Event: 6.902 GC heap after
Heap after GC invocations=8 (full 0):
 PSYoungGen      total 69632K, used 7654K [0x00000000eab00000, 0x00000000efe00000, 0x0000000100000000)
  eden space 61952K, 0% used [0x00000000eab00000,0x00000000eab00000,0x00000000ee780000)
  from space 7680K, 99% used [0x00000000ef180000,0x00000000ef8f9bb0,0x00000000ef900000)
  to   space 10240K, 0% used [0x00000000ee780000,0x00000000ee780000,0x00000000ef180000)
 ParOldGen       total 20480K, used 13691K [0x00000000c0000000, 0x00000000c1400000, 0x00000000eab00000)
  object space 20480K, 66% used [0x00000000c0000000,0x00000000c0d5eef8,0x00000000c1400000)
 Metaspace       used 5937K, capacity 6896K, committed 7040K, reserved 1056768K
  class space    used 571K, capacity 616K, committed 640K, reserved 1048576K
}
Event: 8.091 GC heap before
{Heap before GC invocations=9 (full 0):
 PSYoungGen      total 69632K, used 69606K [0x00000000eab00000, 0x00000000efe00000, 0x0000000100000000)
  eden space 61952K, 100% used [0x00000000eab00000,0x00000000ee780000,0x00000000ee780000)
  from space 7680K, 99% used [0x00000000ef180000,0x00000000ef8f9bb0,0x00000000ef900000)
  to   space 10240K, 0% used [0x00000000ee780000,0x00000000ee780000,0x00000000ef180000)
 ParOldGen       total 20480K, used 13691K [0x00000000c0000000, 0x00000000c1400000, 0x00000000eab00000)
  object space 20480K, 66% used [0x00000000c0000000,0x00000000c0d5eef8,0x00000000c1400000)
 Metaspace       used 6098K, capacity 6960K, committed 7040K, reserved 1056768K
  class space    used 589K, capacity 616K, committed 640K, reserved 1048576K
Event: 8.207 GC heap after
Heap after GC invocations=9 (full 0):
 PSYoungGen      total 72192K, used 10216K [0x00000000eab00000, 0x00000000f2700000, 0x0000000100000000)
  eden space 61952K, 0% used [0x00000000eab00000,0x00000000eab00000,0x00000000ee780000)
  from space 10240K, 99% used [0x00000000ee780000,0x00000000ef17a220,0x00000000ef180000)
  to   space 13824K, 0% used [0x00000000f1980000,0x00000000f1980000,0x00000000f2700000)
 ParOldGen       total 20480K, used 18420K [0x00000000c0000000, 0x00000000c1400000, 0x00000000eab00000)
  object space 20480K, 89% used [0x00000000c0000000,0x00000000c11fd2f0,0x00000000c1400000)
 Metaspace       used 6098K, capacity 6960K, committed 7040K, reserved 1056768K
  class space    used 589K, capacity 616K, committed 640K, reserved 1048576K
}
Event: 8.207 GC heap before
{Heap before GC invocations=10 (full 1):
 PSYoungGen      total 72192K, used 10216K [0x00000000eab00000, 0x00000000f2700000, 0x0000000100000000)
  eden space 61952K, 0% used [0x00000000eab00000,0x00000000eab00000,0x00000000ee780000)
  from space 10240K, 99% used [0x00000000ee780000,0x00000000ef17a220,0x00000000ef180000)
  to   space 13824K, 0% used [0x00000000f1980000,0x00000000f1980000,0x00000000f2700000)
 ParOldGen       total 20480K, used 18420K [0x00000000c0000000, 0x00000000c1400000, 0x00000000eab00000)
  object space 20480K, 89% used [0x00000000c0000000,0x00000000c11fd2f0,0x00000000c1400000)
 Metaspace       used 6098K, capacity 6960K, committed 7040K, reserved 1056768K
  class space    used 589K, capacity 616K, committed 640K, reserved 1048576K
Event: 9.032 GC heap after
Heap after GC invocations=10 (full 1):
 PSYoungGen      total 72192K, used 4550K [0x00000000eab00000, 0x00000000f2700000, 0x0000000100000000)
  eden space 61952K, 0% used [0x00000000eab00000,0x00000000eab00000,0x00000000ee780000)
  from space 10240K, 44% used [0x00000000ee780000,0x00000000eebf1808,0x00000000ef180000)
  to   space 13824K, 0% used [0x00000000f1980000,0x00000000f1980000,0x00000000f2700000)
 ParOldGen       total 39424K, used 20295K [0x00000000c0000000, 0x00000000c2680000, 0x00000000eab00000)
  object space 39424K, 51% used [0x00000000c0000000,0x00000000c13d1ec0,0x00000000c2680000)
 Metaspace       used 6098K, capacity 6960K, committed 7040K, reserved 1056768K
  class space    used 589K, capacity 616K, committed 640K, reserved 1048576K
}
Event: 10.073 GC heap before
{Heap before GC invocations=11 (full 1):
 PSYoungGen      total 72192K, used 66502K [0x00000000eab00000, 0x00000000f2700000, 0x0000000100000000)
  eden space 61952K, 100% used [0x00000000eab00000,0x00000000ee780000,0x00000000ee780000)
  from space 10240K, 44% used [0x00000000ee780000,0x00000000eebf1808,0x00000000ef180000)
  to   space 13824K, 0% used [0x00000000f1980000,0x00000000f1980000,0x00000000f2700000)
 ParOldGen       total 39424K, used 20295K [0x00000000c0000000, 0x00000000c2680000, 0x00000000eab00000)
  object space 39424K, 51% used [0x00000000c0000000,0x00000000c13d1ec0,0x00000000c2680000)
 Metaspace       used 6163K, capacity 7024K, committed 7296K, reserved 1056768K
  class space    used 589K, capacity 616K, committed 640K, reserved 1048576K
Event: 10.297 GC heap after
Heap after GC invocations=11 (full 1):
 PSYoungGen      total 92160K, used 13802K [0x00000000eab00000, 0x00000000f2700000, 0x0000000100000000)
  eden space 78336K, 0% used [0x00000000eab00000,0x00000000eab00000,0x00000000ef780000)
  from space 13824K, 99% used [0x00000000f1980000,0x00000000f26fa920,0x00000000f2700000)
  to   space 17408K, 0% used [0x00000000f0500000,0x00000000f0500000,0x00000000f1600000)
 ParOldGen       total 39424K, used 23305K [0x00000000c0000000, 0x00000000c2680000, 0x00000000eab00000)
  object space 39424K, 59% used [0x00000000c0000000,0x00000000c16c2518,0x00000000c2680000)
 Metaspace       used 6163K, capacity 7024K, committed 7296K, reserved 1056768K
  class space    used 589K, capacity 616K, committed 640K, reserved 1048576K
}
Event: 11.608 GC heap before
{Heap before GC invocations=12 (full 1):
 PSYoungGen      total 92160K, used 92138K [0x00000000eab00000, 0x00000000f2700000, 0x0000000100000000)
  eden space 78336K, 100% used [0x00000000eab00000,0x00000000ef780000,0x00000000ef780000)
  from space 13824K, 99% used [0x00000000f1980000,0x00000000f26fa920,0x00000000f2700000)
  to   space 17408K, 0% used [0x00000000f0500000,0x00000000f0500000,0x00000000f1600000)
 ParOldGen       total 39424K, used 23305K [0x00000000c0000000, 0x00000000c2680000, 0x00000000eab00000)
  object space 39424K, 59% used [0x00000000c0000000,0x00000000c16c2518,0x00000000c2680000)
 Metaspace       used 6255K, capacity 7088K, committed 7296K, reserved 1056768K
  class space    used 589K, capacity 616K, committed 640K, reserved 1048576K

Deoptimization events (10 events):
Event: 3.747 Thread 0x00007f9634138000 Uncommon trap: reason=bimorphic action=maybe_recompile pc=0x00007f962521e32c method=java.util.HashMap.getNode(ILjava/lang/Object;)Ljava/util/HashMap$Node; @ 126
Event: 3.747 Thread 0x00007f9634138000 Uncommon trap: reason=bimorphic action=maybe_recompile pc=0x00007f962521e32c method=java.util.HashMap.getNode(ILjava/lang/Object;)Ljava/util/HashMap$Node; @ 126
Event: 3.747 Thread 0x00007f9634138000 Uncommon trap: reason=bimorphic action=maybe_recompile pc=0x00007f9625231f14 method=java.util.HashMap.getNode(ILjava/lang/Object;)Ljava/util/HashMap$Node; @ 126
Event: 4.099 Thread 0x00007f963400a000 Uncommon trap: reason=unstable_if action=reinterpret pc=0x00007f962533e7c4 method=com.android.dx.util.IntList.binarysearch(I)I @ 105
Event: 5.365 Thread 0x00007f963400a000 Uncommon trap: reason=unstable_if action=reinterpret pc=0x00007f96251dee28 method=java.lang.String.<init>([CII)V @ 18
Event: 6.779 Thread 0x00007f963400a000 Uncommon trap: reason=unstable_if action=reinterpret pc=0x00007f96254782cc method=com.android.dx.ssa.SCCP.simulateStmt(Lcom/android/dx/ssa/SsaInsn;)V @ 59
Event: 7.549 Thread 0x00007f9634138000 Uncommon trap: reason=bimorphic action=maybe_recompile pc=0x00007f962549ad18 method=java.util.HashMap.putVal(ILjava/lang/Object;Ljava/lang/Object;ZZ)Ljava/lang/Object; @ 203
Event: 7.565 Thread 0x00007f963400a000 Uncommon trap: reason=unstable_if action=reinterpret pc=0x00007f9625287770 method=java.util.HashMap.putVal(ILjava/lang/Object;Ljava/lang/Object;ZZ)Ljava/lang/Object; @ 162
Event: 7.671 Thread 0x00007f9634138000 Uncommon trap: reason=unstable_if action=reinterpret pc=0x00007f962549a9b8 method=java.util.HashMap.putVal(ILjava/lang/Object;Ljava/lang/Object;ZZ)Ljava/lang/Object; @ 162
Event: 11.026 Thread 0x00007f963400a000 Uncommon trap: reason=unstable_if action=reinterpret pc=0x00007f96256476a4 method=com.android.dx.cf.code.Merger.mergeType(Lcom/android/dx/rop/type/TypeBearer;Lcom/android/dx/rop/type/TypeBearer;)Lcom/android/dx/rop/type/TypeBearer; @ 77

Internal exceptions (5 events):
Event: 0.250 Thread 0x00007f963400a000 Exception <a 'java/lang/NoSuchMethodError': Method sun.misc.Unsafe.defineClass(Ljava/lang/String;[BII)Ljava/lang/Class; name or signature does not match> (0x00000000eab07c78) thrown at [/ssd/Android/AOSP-openjdk/external/jetbrains/jdk/hotspot/src/share/vm
Event: 0.250 Thread 0x00007f963400a000 Exception <a 'java/lang/NoSuchMethodError': Method sun.misc.Unsafe.prefetchRead(Ljava/lang/Object;J)V name or signature does not match> (0x00000000eab07f60) thrown at [/ssd/Android/AOSP-openjdk/external/jetbrains/jdk/hotspot/src/share/vm/prims/jni.cpp, li
Event: 7.582 Thread 0x00007f963400a000 Exception <a 'java/lang/ArrayIndexOutOfBoundsException': 18> (0x00000000ed2b53f8) thrown at [/ssd/Android/AOSP-openjdk/external/jetbrains/jdk/hotspot/src/share/vm/interpreter/interpreterRuntime.cpp, line 366]
Event: 7.583 Thread 0x00007f963400a000 Exception <a 'java/lang/ArrayIndexOutOfBoundsException': 145> (0x00000000ed2b6f78) thrown at [/ssd/Android/AOSP-openjdk/external/jetbrains/jdk/hotspot/src/share/vm/interpreter/interpreterRuntime.cpp, line 366]
Event: 7.588 Thread 0x00007f963400a000 Exception <a 'java/lang/ArrayIndexOutOfBoundsException': 40> (0x00000000ed2b8260) thrown at [/ssd/Android/AOSP-openjdk/external/jetbrains/jdk/hotspot/src/share/vm/interpreter/interpreterRuntime.cpp, line 366]

Events (10 events):
Event: 11.119 Thread 0x00007f9634138000 DEOPT UNPACKING pc=0x00007f9625047373 sp=0x00007f961cabaea0 mode 0
Event: 11.195 Thread 0x00007f963413b800 DEOPT PACKING pc=0x00007f96254ec1af sp=0x00007f961c8b9180
Event: 11.195 Thread 0x00007f963413b800 DEOPT UNPACKING pc=0x00007f9625047373 sp=0x00007f961c8b8ec8 mode 0
Event: 11.197 Thread 0x00007f963413b800 DEOPT PACKING pc=0x00007f96254d64f7 sp=0x00007f961c8b9160
Event: 11.197 Thread 0x00007f963413b800 DEOPT UNPACKING pc=0x00007f9625047373 sp=0x00007f961c8b8ef8 mode 0
Event: 11.333 Thread 0x00007f963413b800 DEOPT PACKING pc=0x00007f96254d366d sp=0x00007f961c8b9180
Event: 11.333 Thread 0x00007f963413b800 DEOPT UNPACKING pc=0x00007f9625047373 sp=0x00007f961c8b8f30 mode 0
Event: 11.347 Thread 0x00007f963400a000 DEOPT PACKING pc=0x00007f962551613f sp=0x00007f963bc8bb40
Event: 11.347 Thread 0x00007f963400a000 DEOPT UNPACKING pc=0x00007f9625047373 sp=0x00007f963bc8b8c0 mode 0
Event: 11.593 Executing VM operation: ParallelGCFailedAllocation


Dynamic libraries:
00400000-00401000 r-xp 00000000 fd:00 7343915                            /usr/local/android-studio/jre/bin/java
00600000-00601000 r--p 00000000 fd:00 7343915                            /usr/local/android-studio/jre/bin/java
00601000-00602000 rw-p 00001000 fd:00 7343915                            /usr/local/android-studio/jre/bin/java
00eed000-00f0e000 rw-p 00000000 00:00 0                                  [heap]
c0000000-c2680000 rw-p 00000000 00:00 0 
c2680000-eab00000 ---p 00000000 00:00 0 
eab00000-f2700000 rw-p 00000000 00:00 0 
f3580000-100000000 ---p 00000000 00:00 0 
100000000-1000a0000 rw-p 00000000 00:00 0 
1000a0000-140000000 ---p 00000000 00:00 0 
7f95d0000000-7f95d0021000 rw-p 00000000 00:00 0 
7f95d0021000-7f95d4000000 ---p 00000000 00:00 0 
7f95d8000000-7f95d8021000 rw-p 00000000 00:00 0 
7f95d8021000-7f95dc000000 ---p 00000000 00:00 0 
7f95dc000000-7f95dc024000 rw-p 00000000 00:00 0 
7f95dc024000-7f95e0000000 ---p 00000000 00:00 0 
7f95e0000000-7f95e0037000 rw-p 00000000 00:00 0 
7f95e0037000-7f95e4000000 ---p 00000000 00:00 0 
7f95e4000000-7f95e4021000 rw-p 00000000 00:00 0 
7f95e4021000-7f95e8000000 ---p 00000000 00:00 0 
7f95e8000000-7f95e8021000 rw-p 00000000 00:00 0 
7f95e8021000-7f95ec000000 ---p 00000000 00:00 0 
7f95ec000000-7f95ec021000 rw-p 00000000 00:00 0 
7f95ec021000-7f95f0000000 ---p 00000000 00:00 0 
7f95f0000000-7f95f05b7000 rw-p 00000000 00:00 0 
7f95f05b7000-7f95f4000000 ---p 00000000 00:00 0 
7f95f4000000-7f95f483f000 rw-p 00000000 00:00 0 
7f95f483f000-7f95f8000000 ---p 00000000 00:00 0 
7f95f8000000-7f95f8021000 rw-p 00000000 00:00 0 
7f95f8021000-7f95fc000000 ---p 00000000 00:00 0 
7f95fc000000-7f95fc852000 rw-p 00000000 00:00 0 
7f95fc852000-7f9600000000 ---p 00000000 00:00 0 
7f9600000000-7f9600021000 rw-p 00000000 00:00 0 
7f9600021000-7f9604000000 ---p 00000000 00:00 0 
7f9604000000-7f9604021000 rw-p 00000000 00:00 0 
7f9604021000-7f9608000000 ---p 00000000 00:00 0 
7f9608000000-7f9608021000 rw-p 00000000 00:00 0 
7f9608021000-7f960c000000 ---p 00000000 00:00 0 
7f960c000000-7f960c27f000 rw-p 00000000 00:00 0 
7f960c27f000-7f9610000000 ---p 00000000 00:00 0 
7f9610000000-7f9610021000 rw-p 00000000 00:00 0 
7f9610021000-7f9614000000 ---p 00000000 00:00 0 
7f9618000000-7f9618021000 rw-p 00000000 00:00 0 
7f9618021000-7f961c000000 ---p 00000000 00:00 0 
7f961c5b8000-7f961c5bb000 ---p 00000000 00:00 0 
7f961c5bb000-7f961c6b9000 rw-p 00000000 00:00 0 
7f961c6b9000-7f961c6bc000 ---p 00000000 00:00 0 
7f961c6bc000-7f961c7ba000 rw-p 00000000 00:00 0 
7f961c7ba000-7f961c7bd000 ---p 00000000 00:00 0 
7f961c7bd000-7f961c8bb000 rw-p 00000000 00:00 0 
7f961c8bb000-7f961c8be000 ---p 00000000 00:00 0 
7f961c8be000-7f961c9bc000 rw-p 00000000 00:00 0 
7f961c9bc000-7f961c9bf000 ---p 00000000 00:00 0 
7f961c9bf000-7f961cabd000 rw-p 00000000 00:00 0 
7f961cabd000-7f961cad1000 r--s 000d8000 fd:00 7476666                    /home/rbarnes/.android/build-cache/bdd79c9bfbafb99238f412f21c143720fa57a9c2/output/jars/classes.jar
7f961cad1000-7f961cad2000 ---p 00000000 00:00 0 
7f961cad2000-7f961cbd2000 rw-p 00000000 00:00 0 
7f961cbd2000-7f961cbd5000 ---p 00000000 00:00 0 
7f961cbd5000-7f961ccd3000 rw-p 00000000 00:00 0 
7f961ccd3000-7f961ccd6000 ---p 00000000 00:00 0 
7f961ccd6000-7f961cdd4000 rw-p 00000000 00:00 0 
7f961cdd4000-7f961cdd7000 ---p 00000000 00:00 0 
7f961cdd7000-7f961ced5000 rw-p 00000000 00:00 0 
7f961ced5000-7f961ced8000 ---p 00000000 00:00 0 
7f961ced8000-7f961cfd6000 rw-p 00000000 00:00 0 
7f961cfd6000-7f961cfd9000 ---p 00000000 00:00 0 
7f961cfd9000-7f961d0d7000 rw-p 00000000 00:00 0 
7f961d0d7000-7f961d3b2000 r--p 00000000 fd:00 4851257                    /usr/lib/locale/locale-archive
7f961d3b2000-7f961d3b5000 ---p 00000000 00:00 0 
7f961d3b5000-7f961d4b3000 rw-p 00000000 00:00 0 
7f961d4b3000-7f961d4b6000 ---p 00000000 00:00 0 
7f961d4b6000-7f961d5b4000 rw-p 00000000 00:00 0 
7f961d5b4000-7f961d5b5000 ---p 00000000 00:00 0 
7f961d5b5000-7f9620000000 rw-p 00000000 00:00 0 
7f9620000000-7f9620021000 rw-p 00000000 00:00 0 
7f9620021000-7f9624000000 ---p 00000000 00:00 0 
7f962400a000-7f9624631000 rw-p 00000000 00:00 0 
7f9624631000-7f9624800000 r--s 03c1b000 fd:00 7343952                    /usr/local/android-studio/jre/jre/lib/rt.jar
7f9624800000-7f9624e80000 rw-p 00000000 00:00 0 
7f9624e80000-7f9625000000 ---p 00000000 00:00 0 
7f9625000000-7f96256c0000 rwxp 00000000 00:00 0 
7f96256c0000-7f9634000000 ---p 00000000 00:00 0 
7f9634000000-7f963437f000 rw-p 00000000 00:00 0 
7f963437f000-7f9638000000 ---p 00000000 00:00 0 
7f9638000000-7f963800e000 r--s 000e0000 fd:00 9318350                    /home/rbarnes/Android/Sdk/build-tools/25.0.0/lib/dx.jar
7f963800e000-7f96382c6000 rw-p 00000000 00:00 0 
7f96382c6000-7f96382c7000 ---p 00000000 00:00 0 
7f96382c7000-7f96383c7000 rw-p 00000000 00:00 0 
7f96383c7000-7f96383c8000 ---p 00000000 00:00 0 
7f96383c8000-7f96384c8000 rw-p 00000000 00:00 0 
7f96384c8000-7f96384c9000 ---p 00000000 00:00 0 
7f96384c9000-7f96385c9000 rw-p 00000000 00:00 0 
7f96385c9000-7f96385ca000 ---p 00000000 00:00 0 
7f96385ca000-7f96386de000 rw-p 00000000 00:00 0 
7f96386de000-7f9638820000 ---p 00000000 00:00 0 
7f9638820000-7f9638834000 rw-p 00000000 00:00 0 
7f9638834000-7f9638975000 ---p 00000000 00:00 0 
7f9638975000-7f96389b4000 rw-p 00000000 00:00 0 
7f96389b4000-7f9638a20000 ---p 00000000 00:00 0 
7f9638a20000-7f9638a3c000 rw-p 00000000 00:00 0 
7f9638a3c000-7f9638de1000 ---p 00000000 00:00 0 
7f9638de1000-7f9638dfb000 r-xp 00000000 fd:00 7473467                    /usr/local/android-studio/jre/jre/lib/amd64/libzip.so
7f9638dfb000-7f9638ffb000 ---p 0001a000 fd:00 7473467                    /usr/local/android-studio/jre/jre/lib/amd64/libzip.so
7f9638ffb000-7f9638ffc000 r--p 0001a000 fd:00 7473467                    /usr/local/android-studio/jre/jre/lib/amd64/libzip.so
7f9638ffc000-7f9638ffd000 rw-p 0001b000 fd:00 7473467                    /usr/local/android-studio/jre/jre/lib/amd64/libzip.so
7f9638ffd000-7f9639008000 r-xp 00000000 fd:00 524380                     /lib/x86_64-linux-gnu/libnss_files-2.24.so
7f9639008000-7f9639207000 ---p 0000b000 fd:00 524380                     /lib/x86_64-linux-gnu/libnss_files-2.24.so
7f9639207000-7f9639208000 r--p 0000a000 fd:00 524380                     /lib/x86_64-linux-gnu/libnss_files-2.24.so
7f9639208000-7f9639209000 rw-p 0000b000 fd:00 524380                     /lib/x86_64-linux-gnu/libnss_files-2.24.so
7f9639209000-7f963920f000 rw-p 00000000 00:00 0 
7f963920f000-7f963921a000 r-xp 00000000 fd:00 524382                     /lib/x86_64-linux-gnu/libnss_nis-2.24.so
7f963921a000-7f9639419000 ---p 0000b000 fd:00 524382                     /lib/x86_64-linux-gnu/libnss_nis-2.24.so
7f9639419000-7f963941a000 r--p 0000a000 fd:00 524382                     /lib/x86_64-linux-gnu/libnss_nis-2.24.so
7f963941a000-7f963941b000 rw-p 0000b000 fd:00 524382                     /lib/x86_64-linux-gnu/libnss_nis-2.24.so
7f963941b000-7f9639431000 r-xp 00000000 fd:00 524377                     /lib/x86_64-linux-gnu/libnsl-2.24.so
7f9639431000-7f9639630000 ---p 00016000 fd:00 524377                     /lib/x86_64-linux-gnu/libnsl-2.24.so
7f9639630000-7f9639631000 r--p 00015000 fd:00 524377                     /lib/x86_64-linux-gnu/libnsl-2.24.so
7f9639631000-7f9639632000 rw-p 00016000 fd:00 524377                     /lib/x86_64-linux-gnu/libnsl-2.24.so
7f9639632000-7f9639634000 rw-p 00000000 00:00 0 
7f9639634000-7f963963c000 r-xp 00000000 fd:00 524378                     /lib/x86_64-linux-gnu/libnss_compat-2.24.so
7f963963c000-7f963983b000 ---p 00008000 fd:00 524378                     /lib/x86_64-linux-gnu/libnss_compat-2.24.so
7f963983b000-7f963983c000 r--p 00007000 fd:00 524378                     /lib/x86_64-linux-gnu/libnss_compat-2.24.so
7f963983c000-7f963983d000 rw-p 00008000 fd:00 524378                     /lib/x86_64-linux-gnu/libnss_compat-2.24.so
7f963983d000-7f963986a000 r-xp 00000000 fd:00 7473477                    /usr/local/android-studio/jre/jre/lib/amd64/libjava.so
7f963986a000-7f9639a69000 ---p 0002d000 fd:00 7473477                    /usr/local/android-studio/jre/jre/lib/amd64/libjava.so
7f9639a69000-7f9639a6a000 r--p 0002c000 fd:00 7473477                    /usr/local/android-studio/jre/jre/lib/amd64/libjava.so
7f9639a6a000-7f9639a6c000 rw-p 0002d000 fd:00 7473477                    /usr/local/android-studio/jre/jre/lib/amd64/libjava.so
7f9639a6c000-7f9639a7c000 r-xp 00000000 fd:00 7473493                    /usr/local/android-studio/jre/jre/lib/amd64/libverify.so
7f9639a7c000-7f9639c7b000 ---p 00010000 fd:00 7473493                    /usr/local/android-studio/jre/jre/lib/amd64/libverify.so
7f9639c7b000-7f9639c7d000 r--p 0000f000 fd:00 7473493                    /usr/local/android-studio/jre/jre/lib/amd64/libverify.so
7f9639c7d000-7f9639c7e000 rw-p 00011000 fd:00 7473493                    /usr/local/android-studio/jre/jre/lib/amd64/libverify.so
7f9639c7e000-7f9639c85000 r-xp 00000000 fd:00 528790                     /lib/x86_64-linux-gnu/librt-2.24.so
7f9639c85000-7f9639e84000 ---p 00007000 fd:00 528790                     /lib/x86_64-linux-gnu/librt-2.24.so
7f9639e84000-7f9639e85000 r--p 00006000 fd:00 528790                     /lib/x86_64-linux-gnu/librt-2.24.so
7f9639e85000-7f9639e86000 rw-p 00007000 fd:00 528790                     /lib/x86_64-linux-gnu/librt-2.24.so
7f9639e86000-7f9639f8e000 r-xp 00000000 fd:00 524374                     /lib/x86_64-linux-gnu/libm-2.24.so
7f9639f8e000-7f963a18d000 ---p 00108000 fd:00 524374                     /lib/x86_64-linux-gnu/libm-2.24.so
7f963a18d000-7f963a18e000 r--p 00107000 fd:00 524374                     /lib/x86_64-linux-gnu/libm-2.24.so
7f963a18e000-7f963a18f000 rw-p 00108000 fd:00 524374                     /lib/x86_64-linux-gnu/libm-2.24.so
7f963a18f000-7f963ad80000 r-xp 00000000 fd:00 7473497                    /usr/local/android-studio/jre/jre/lib/amd64/server/libjvm.so
7f963ad80000-7f963af80000 ---p 00bf1000 fd:00 7473497                    /usr/local/android-studio/jre/jre/lib/amd64/server/libjvm.so
7f963af80000-7f963b01f000 r--p 00bf1000 fd:00 7473497                    /usr/local/android-studio/jre/jre/lib/amd64/server/libjvm.so
7f963b01f000-7f963b048000 rw-p 00c90000 fd:00 7473497                    /usr/local/android-studio/jre/jre/lib/amd64/server/libjvm.so
7f963b048000-7f963b08c000 rw-p 00000000 00:00 0 
7f963b08c000-7f963b0a4000 r-xp 00000000 fd:00 524385                     /lib/x86_64-linux-gnu/libpthread-2.24.so
7f963b0a4000-7f963b2a4000 ---p 00018000 fd:00 524385                     /lib/x86_64-linux-gnu/libpthread-2.24.so
7f963b2a4000-7f963b2a5000 r--p 00018000 fd:00 524385                     /lib/x86_64-linux-gnu/libpthread-2.24.so
7f963b2a5000-7f963b2a6000 rw-p 00019000 fd:00 524385                     /lib/x86_64-linux-gnu/libpthread-2.24.so
7f963b2a6000-7f963b2aa000 rw-p 00000000 00:00 0 
7f963b2aa000-7f963b2ad000 r-xp 00000000 fd:00 524373                     /lib/x86_64-linux-gnu/libdl-2.24.so
7f963b2ad000-7f963b4ac000 ---p 00003000 fd:00 524373                     /lib/x86_64-linux-gnu/libdl-2.24.so
7f963b4ac000-7f963b4ad000 r--p 00002000 fd:00 524373                     /lib/x86_64-linux-gnu/libdl-2.24.so
7f963b4ad000-7f963b4ae000 rw-p 00003000 fd:00 524373                     /lib/x86_64-linux-gnu/libdl-2.24.so
7f963b4ae000-7f963b66c000 r-xp 00000000 fd:00 524370                     /lib/x86_64-linux-gnu/libc-2.24.so
7f963b66c000-7f963b86b000 ---p 001be000 fd:00 524370                     /lib/x86_64-linux-gnu/libc-2.24.so
7f963b86b000-7f963b86f000 r--p 001bd000 fd:00 524370                     /lib/x86_64-linux-gnu/libc-2.24.so
7f963b86f000-7f963b871000 rw-p 001c1000 fd:00 524370                     /lib/x86_64-linux-gnu/libc-2.24.so
7f963b871000-7f963b875000 rw-p 00000000 00:00 0 
7f963b875000-7f963b88b000 r-xp 00000000 fd:00 7343889                    /usr/local/android-studio/jre/lib/amd64/jli/libjli.so
7f963b88b000-7f963ba8a000 ---p 00016000 fd:00 7343889                    /usr/local/android-studio/jre/lib/amd64/jli/libjli.so
7f963ba8a000-7f963ba8b000 r--p 00015000 fd:00 7343889                    /usr/local/android-studio/jre/lib/amd64/jli/libjli.so
7f963ba8b000-7f963ba8c000 rw-p 00016000 fd:00 7343889                    /usr/local/android-studio/jre/lib/amd64/jli/libjli.so
7f963ba8c000-7f963bab2000 r-xp 00000000 fd:00 524293                     /lib/x86_64-linux-gnu/ld-2.24.so
7f963babc000-7f963bb8d000 rw-p 00000000 00:00 0 
7f963bb8d000-7f963bb90000 ---p 00000000 00:00 0 
7f963bb90000-7f963bca4000 rw-p 00000000 00:00 0 
7f963bca4000-7f963bcac000 rw-s 00000000 fd:00 9318454                    /tmp/hsperfdata_rbarnes/8019
7f963bcac000-7f963bcad000 rw-p 00000000 00:00 0 
7f963bcad000-7f963bcae000 ---p 00000000 00:00 0 
7f963bcae000-7f963bcb1000 rw-p 00000000 00:00 0 
7f963bcb1000-7f963bcb2000 r--p 00025000 fd:00 524293                     /lib/x86_64-linux-gnu/ld-2.24.so
7f963bcb2000-7f963bcb3000 rw-p 00026000 fd:00 524293                     /lib/x86_64-linux-gnu/ld-2.24.so
7f963bcb3000-7f963bcb4000 rw-p 00000000 00:00 0 
7ffee0d8a000-7ffee0dab000 rw-p 00000000 00:00 0                          [stack]
7ffee0dec000-7ffee0dee000 r--p 00000000 00:00 0                          [vvar]
7ffee0dee000-7ffee0df0000 r-xp 00000000 00:00 0                          [vdso]
ffffffffff600000-ffffffffff601000 r-xp 00000000 00:00 0                  [vsyscall]

VM Arguments:
jvm_args: -Djava.awt.headless=true -Xmx1024M -Dfile.encoding=UTF-8 -Duser.country=US -Duser.language=en -Duser.variant 
java_command: com.android.dx.command.Main --dex --force-jumbo --num-threads=4 --multi-dex --output /home/rbarnes/Documents/StudioProjects/MapMyMotion/mapMyMotion/build/intermediates/transforms/dex/debug/folders/1000/10/classes_a2c4f8c5a2cd1549119f5feb3be09dbf4a225494 /home/rbarnes/.android/build-cache/bdd79c9bfbafb99238f412f21c143720fa57a9c2/output/jars/classes.jar
java_class_path (initial): /home/rbarnes/Android/Sdk/build-tools/25.0.0/lib/dx.jar
Launcher Type: SUN_STANDARD

Environment Variables:
PATH=/usr/local/sbin:/usr/local/bin:/usr/sbin:/usr/bin:/sbin:/bin:/usr/games:/usr/local/games:/snap/bin
LD_LIBRARY_PATH=/usr/local/android-studio/bin:
SHELL=/bin/bash
DISPLAY=:0

Signal Handlers:
SIGSEGV: [libjvm.so+0x9e5150], sa_mask[0]=11111111011111111101111111111110, sa_flags=SA_RESTART|SA_SIGINFO
SIGBUS: [libjvm.so+0x9e5150], sa_mask[0]=11111111011111111101111111111110, sa_flags=SA_RESTART|SA_SIGINFO
SIGFPE: [libjvm.so+0x848450], sa_mask[0]=11111111011111111101111111111110, sa_flags=SA_RESTART|SA_SIGINFO
SIGPIPE: [libjvm.so+0x848450], sa_mask[0]=11111111011111111101111111111110, sa_flags=SA_RESTART|SA_SIGINFO
SIGXFSZ: [libjvm.so+0x848450], sa_mask[0]=11111111011111111101111111111110, sa_flags=SA_RESTART|SA_SIGINFO
SIGILL: [libjvm.so+0x848450], sa_mask[0]=11111111011111111101111111111110, sa_flags=SA_RESTART|SA_SIGINFO
SIGUSR1: SIG_DFL, sa_mask[0]=00000000000000000000000000000000, sa_flags=none
SIGUSR2: [libjvm.so+0x848320], sa_mask[0]=00100000000000000000000000000000, sa_flags=SA_RESTART|SA_SIGINFO
SIGHUP: [libjvm.so+0x848510], sa_mask[0]=11111111011111111101111111111110, sa_flags=SA_RESTART|SA_SIGINFO
SIGINT: [libjvm.so+0x848510], sa_mask[0]=11111111011111111101111111111110, sa_flags=SA_RESTART|SA_SIGINFO
SIGTERM: [libjvm.so+0x848510], sa_mask[0]=11111111011111111101111111111110, sa_flags=SA_RESTART|SA_SIGINFO
SIGQUIT: [libjvm.so+0x848510], sa_mask[0]=11111111011111111101111111111110, sa_flags=SA_RESTART|SA_SIGINFO


---------------  S Y S T E M  ---------------

OS:DISTRIB_ID=Ubuntu
DISTRIB_RELEASE=17.04
DISTRIB_CODENAME=zesty
DISTRIB_DESCRIPTION="Ubuntu 17.04"

uname:Linux 4.10.0-26-generic #30-Ubuntu SMP Tue Jun 27 09:30:12 UTC 2017 x86_64
libc:glibc 2.24 NPTL 2.24 
rlimit: STACK 8192k, CORE 0k, NPROC 7158, NOFILE 4096, AS infinity
load average:18.57 8.50 5.04

/proc/meminfo:
MemTotal:        1879332 kB
MemFree:          147300 kB
MemAvailable:      75000 kB
Buffers:             772 kB
Cached:            93404 kB
SwapCached:         1208 kB
Active:          1201888 kB
Inactive:         338640 kB
Active(anon):    1187716 kB
Inactive(anon):   311860 kB
Active(file):      14172 kB
Inactive(file):    26780 kB
Unevictable:         300 kB
Mlocked:             300 kB
SwapTotal:       1994748 kB
SwapFree:            396 kB
Dirty:               204 kB
Writeback:             0 kB
AnonPages:       1446576 kB
Mapped:            29012 kB
Shmem:             52864 kB
Slab:              79592 kB
SReclaimable:      31400 kB
SUnreclaim:        48192 kB
KernelStack:       12288 kB
PageTables:        55064 kB
NFS_Unstable:          0 kB
Bounce:                0 kB
WritebackTmp:          0 kB
CommitLimit:     2934412 kB
Committed_AS:    8800252 kB
VmallocTotal:   34359738367 kB
VmallocUsed:           0 kB
VmallocChunk:          0 kB
HardwareCorrupted:     0 kB
AnonHugePages:     38912 kB
ShmemHugePages:        0 kB
ShmemPmdMapped:        0 kB
CmaTotal:              0 kB
CmaFree:               0 kB
HugePages_Total:       0
HugePages_Free:        0
HugePages_Rsvd:        0
HugePages_Surp:        0
Hugepagesize:       2048 kB
DirectMap4k:      200320 kB
DirectMap2M:     1798144 kB


CPU:total 4 (2 cores per cpu, 2 threads per core) family 6 model 58 stepping 9, cmov, cx8, fxsr, mmx, sse, sse2, sse3, ssse3, sse4.1, sse4.2, popcnt, avx, aes, clmul, erms, ht, tsc, tscinvbit, tscinv

/proc/cpuinfo:
processor	: 0
vendor_id	: GenuineIntel
cpu family	: 6
model		: 58
model name	: Intel(R) Core(TM) i5-3210M CPU @ 2.50GHz
stepping	: 9
microcode	: 0x1c
cpu MHz		: 2899.932
cache size	: 3072 KB
physical id	: 0
siblings	: 4
core id		: 0
cpu cores	: 2
apicid		: 0
initial apicid	: 0
fpu		: yes
fpu_exception	: yes
cpuid level	: 13
wp		: yes
flags		: fpu vme de pse tsc msr pae mce cx8 apic sep mtrr pge mca cmov pat pse36 clflush dts acpi mmx fxsr sse sse2 ss ht tm pbe syscall nx rdtscp lm constant_tsc arch_perfmon pebs bts rep_good nopl xtopology nonstop_tsc aperfmperf pni pclmulqdq dtes64 monitor ds_cpl vmx est tm2 ssse3 cx16 xtpr pdcm pcid sse4_1 sse4_2 x2apic popcnt tsc_deadline_timer aes xsave avx f16c rdrand lahf_lm epb tpr_shadow vnmi flexpriority ept vpid fsgsbase smep erms xsaveopt dtherm ida arat pln pts
bugs		:
bogomips	: 4983.37
clflush size	: 64
cache_alignment	: 64
address sizes	: 36 bits physical, 48 bits virtual
power management:

processor	: 1
vendor_id	: GenuineIntel
cpu family	: 6
model		: 58
model name	: Intel(R) Core(TM) i5-3210M CPU @ 2.50GHz
stepping	: 9
microcode	: 0x1c
cpu MHz		: 2899.932
cache size	: 3072 KB
physical id	: 0
siblings	: 4
core id		: 1
cpu cores	: 2
apicid		: 2
initial apicid	: 2
fpu		: yes
fpu_exception	: yes
cpuid level	: 13
wp		: yes
flags		: fpu vme de pse tsc msr pae mce cx8 apic sep mtrr pge mca cmov pat pse36 clflush dts acpi mmx fxsr sse sse2 ss ht tm pbe syscall nx rdtscp lm constant_tsc arch_perfmon pebs bts rep_good nopl xtopology nonstop_tsc aperfmperf pni pclmulqdq dtes64 monitor ds_cpl vmx est tm2 ssse3 cx16 xtpr pdcm pcid sse4_1 sse4_2 x2apic popcnt tsc_deadline_timer aes xsave avx f16c rdrand lahf_lm epb tpr_shadow vnmi flexpriority ept vpid fsgsbase smep erms xsaveopt dtherm ida arat pln pts
bugs		:
bogomips	: 4983.37
clflush size	: 64
cache_alignment	: 64
address sizes	: 36 bits physical, 48 bits virtual
power management:

processor	: 2
vendor_id	: GenuineIntel
cpu family	: 6
model		: 58
model name	: Intel(R) Core(TM) i5-3210M CPU @ 2.50GHz
stepping	: 9
microcode	: 0x1c
cpu MHz		: 2899.932
cache size	: 3072 KB
physical id	: 0
siblings	: 4
core id		: 0
cpu cores	: 2
apicid		: 1
initial apicid	: 1
fpu		: yes
fpu_exception	: yes
cpuid level	: 13
wp		: yes
flags		: fpu vme de pse tsc msr pae mce cx8 apic sep mtrr pge mca cmov pat pse36 clflush dts acpi mmx fxsr sse sse2 ss ht tm pbe syscall nx rdtscp lm constant_tsc arch_perfmon pebs bts rep_good nopl xtopology nonstop_tsc aperfmperf pni pclmulqdq dtes64 monitor ds_cpl vmx est tm2 ssse3 cx16 xtpr pdcm pcid sse4_1 sse4_2 x2apic popcnt tsc_deadline_timer aes xsave avx f16c rdrand lahf_lm epb tpr_shadow vnmi flexpriority ept vpid fsgsbase smep erms xsaveopt dtherm ida arat pln pts
bugs		:
bogomips	: 4983.37
clflush size	: 64
cache_alignment	: 64
address sizes	: 36 bits physical, 48 bits virtual
power management:

processor	: 3
vendor_id	: GenuineIntel
cpu family	: 6
model		: 58
model name	: Intel(R) Core(TM) i5-3210M CPU @ 2.50GHz
stepping	: 9
microcode	: 0x1c
cpu MHz		: 2899.932
cache size	: 3072 KB
physical id	: 0
siblings	: 4
core id		: 1
cpu cores	: 2
apicid		: 3
initial apicid	: 3
fpu		: yes
fpu_exception	: yes
cpuid level	: 13
wp		: yes
flags		: fpu vme de pse tsc msr pae mce cx8 apic sep mtrr pge mca cmov pat pse36 clflush dts acpi mmx fxsr sse sse2 ss ht tm pbe syscall nx rdtscp lm constant_tsc arch_perfmon pebs bts rep_good nopl xtopology nonstop_tsc aperfmperf pni pclmulqdq dtes64 monitor ds_cpl vmx est tm2 ssse3 cx16 xtpr pdcm pcid sse4_1 sse4_2 x2apic popcnt tsc_deadline_timer aes xsave avx f16c rdrand lahf_lm epb tpr_shadow vnmi flexpriority ept vpid fsgsbase smep erms xsaveopt dtherm ida arat pln pts
bugs		:
bogomips	: 4983.37
clflush size	: 64
cache_alignment	: 64
address sizes	: 36 bits physical, 48 bits virtual
power management:



Memory: 4k page, physical 1879332k(146556k free), swap 1994748k(396k free)

vm_info: OpenJDK 64-Bit Server VM (25.112-b06) for linux-amd64 JRE (1.8.0_112-release-b06), built on Dec  6 2016 12:11:18 by "builder" with gcc 4.8.4

time: Sat Jul  1 05:31:53 2017
elapsed time: 12 seconds (0d 0h 0m 12s)

